[    0.000000] Linux version 4.15.0-62-generic (buildd@lcy01-amd64-024) (gcc version 7.4.0 (Ubuntu 7.4.0-1ubuntu1~18.04.1)) #69-Ubuntu SMP Wed Sep 4 20:55:53 UTC 2019 (Ubuntu 4.15.062.69-generic 4.15.18)
[   0.000000] Command line: BOOT_IMAGE=/boot/vmlinuz-4.15.0-62-generic root=LABEL=cloudimg-rootfs ro console=tty1 console=ttyS0
[    0.000000] KERNEL supported cpus:
[  0.00000]   Intel GenuineIntel
[    0.000000]   AMD AuthenticAMD
[    0.000000]   Cetaur CentaurHauls
[    0.000000] x86/fpu: Supporting XSAVE feature 0x001: 'x87 floating point registers'
[    0.000000] x86/fpu: Supporting XSAVE feature 0x002: 'SSE registers'
[    0.000000] x86/fpu: Supporting XSAVE feature 0x004: 'AVX registers'
[   0.00000] x86/fpu: xstate_offset[2]:  576, xstate_sizes[2]:  256
[   0.000000] x86/fpu: Enaled xstate features 0x7, context size is 832 bytes, using 'standard' format.
[    0.000000] e820: BIOS-provided physical RAM map:
[    0.000000] BIOS-e820: [mem 0x000000000000000-0x000000000009fbff] usable
[    0.000000] BIOS-e820: [mem 0x000000000009fc00-0x000000000009ffff] reserved
[   0.0000] BIOS-e820: [mem 0x00000000000f0000-0x00000000000fffff] reserved
[  0.00000] BIOS-e820: [mem 0x0000000000100000-0x000000003ffeffff] usable
[    0.000000] BIOS-e820: [mem 0x000000003fff0000-0x000000003fffffff] ACPI data
[    0.000000] BIOS-e820: [mem 0x00000000fec00000-0x00000000fec00fff] reserved
[    0.000000] BIOS-e820: [mem 0x00000000fee00000-0x00000000fee00fff] reserved
[    0.000000] BIOS-e820: [em 0x00000000fffc0000-0x00000000ffffffff] reserved
[    0.000000] NX (Execute Disable) protection: active
[   0.000000] SMBIOS 2.5 present.
[   .00000] DMI: innotek GmbH VirtualBox/VirtualBo, BOS VirtualBox 12/01/2006
[    0.000000] Hypervisor detected: KVM
[    0.000000] e820: last_pfn = 0x3fff0 max_arch_pfn = 0x400000000
[    0.000000] MTRR: Disabled
[    0.000000] x86/PAT: MTRRs disabled, skipping PAT initialization too.
[    0.000000] CPU MTRRs all blank - virtualized system.
[    0.000000] x86/PAT: Configuration [0-7]: WB  WT  UC- UC  WB  WT  UC- UC  
[   0.000000] found SMP MP-table at [mem 0x0009fff0-0x0009ffff]
[    0.000000] Scanning 1 areas for low memor coruption
[    0.000000] RAMDISK: [mem 0x35a8b000-0x36d3cfff]
[  0.000000] ACPI: Early table checksum verification disabled
[    0.000000] ACPI: RSDP 0x00000000000E0000 000024 (v02 VBOX  )
[    0.000000] ACPI: XSDT 0x000000003FFF00030 00003C (v01 VBOX   VBOXXSDT 00000001 ASL  00000061)
[    0.000000] ACPI: FACP 0x000000003FFF00F0 0000F4 (v04 VBOX   VBOXFACP 00000001 ASL  00000061)
[    0.000000] ACPI: DSDT 0x000000003FFF0470 0021FF (v02 VBOX   VBOXBIOS 00000002 INTL 20100528)
[    0.000000] ACPI: FACS 0x000000003FFF0200 000040
[    0.000000] ACPI: FACS 0x000000003FFF0200 000040
[   0.000000] ACPI: APIC 0x000000003FFF0240 00005C (v02 VBX   VBOXAPIC 00000001 ASL  00000061)
[    0.000000] ACPI: SSDT 0x000000003FFF02A0 0001CC (v01 VBOX   VBOXCPUT 00000002 INTL 20100528)
[    0.000000] No NUMA configuration found
[    0.000000] Faking a node at [mem 0x0000000000000000-0x000000003ffeffff]
[    0.000000] NODE_DATA(0) allocated [mem 0x3ffc5000-0x3ffeffff]
[    0.000000] kvm-clock: cpu 0, msr 0:3ff44001, primary cpu clock
[    0.000000] kvm-clock: Using msrs 4b564d01 and 4b564d00
[    0.000000] kvm-clock: using sched offset of 3840372390 cycles
[    0.000000] clocksource: kvm-clock: mask: 0xffffffffffffffff max_cycles: 0x1cd42e4dffb, max_idle_ns: 881590591483 ns
[    0.000000] Zone ranges:
[    0.000000]   DMA      [mem 0x0000000000001000-0x0000000000ffffff]
[    0.000000]   DMA32    [mem 0x0000000001000000-0x000000003ffeffff]
[    0.000000]   Normal   empty
[    0.000000]   Device   empty
[    0.000000] Movable zone start for each node
[    0.000000] Early memory node ranges
[    0.000000]   node   0: [mem 0x0000000000001000-0x000000000009efff]
[    0.000000]   node   0: [mem 0x0000000000100000-0x000000003ffeffff]
[    0.000000] Reserved but unavailable: 98 pages
[    0.000000] Initmem setup node 0 [mem 0x0000000000001000-0x000000003ffeffff]
[    0.000000] ACPI: PM-Timer IO Port: 0x4008
[    0.000000] IOAPIC[0]: apic_id 2, version 32, address 0xfec00000, GSI 0-23
[    0.000000] ACPI: INT_SRC_OVR (bus 0 bus_irq 0 global_irq 2 dfl dfl)
[    000000] ACPI: INT_SRC_OVR (bus 0 bus_irq 9 global_irq 9 low level)
[    0.000000] Using ACPI (MADT) for SMP configuration information
[    0.000000] smpboot: Allowing 2 CPUs, 0 hotplug CPUs
[   0.000000] PM: Registered nosave memory: [mem 0x00000000-0x00000fff]
[    0.000000] PM: Registered nosave memory: [mem 0x0009f000-0x0009ffff]
[    0.000000] PM: Registered nosave memory: [mem 0x000a0000-0x000effff]
[    0.000000] PM: Registered nosave memory: [mem 0x000f0000-0x000fffff]
[    0.000000] e820: [mem 0x40000000-0xfebfffff] available for PCI devices
[    0.000000] Booting paravirtualized kernel on KVM
[    0.000000] clocksource: refined-jiffies: mask: 0xffffffff max_cycles: 0xffffffff, max_idle_ns: 7645519600211568 ns
[    0.000000] random: get_random_bytes called from start_kernel+0x99/0x4fd with crng_init=0
[    0.000000] setup_percpu: NR_CPUS:8192 nr_cpumask_bits:2 nr_cpu_ids:2 nr_node_ids:1
[    0.000000] percpu: Embedded 46 pages/cpu s151552 r8192 d28672 u1048576
[    0.000000] PV qspinlock hash table entries: 256 (order: 0, 4096 bytes)
[    0.00000 Built 1 zonelists, mobility grouping on.  Total pags: 257913
[  0.000000] Policy zone: DMA32
[  0.000000] Kernel command line: BOOT_IMAGE=/boot/vmlinuz-4.15.0-62-generic root=LABEL=cloudimg-rootfs ro console=tty1 console=ttyS0
[    0.000000] Memory: 983440K/1048120K available (12300K kernel code, 2481K rwdata, 4172K rodata, 2436K init, 2384K bss, 64680K reserved, 0K cma-reserved)
[    0.000000] SLUB: HWalign=64, Order=0-3, MinObjects=0, CPUs=2, Nodes=1
[    0.000000] Kernel/User page tables isolation: enabled
[    0.000000] ftrace: allocating 39306 entries in 154 pages
[    0.004000] Hierarchical RCU implementation.
[    0.004000] 	RCU restricting CPUs from NR_CPUS=8192 to nr_cpu_ids=2.
[    0.004000] 	Tasks RCU enabled.
[    0.004000] RCU: Adjusting geometry for rcu_fanout_leaf=16, nr_cpu_ids=2
[    0.004000] NR_IRQS: 524544, nr_irqs: 440, preallocated irqs: 16
[    0.004000] Console: colour VGA+ 80x25
[    0.004000] console [tty1] enabled
[    0.004000] console [ttyS0] enabled
[    0.004000] ACPI: Core revision 20170831
[    0.004000] ACPI: 2 ACPI AML tables successfully acquired and loaded
[   0.004000] APIC: Switch to symmetric I/O mode setup
[    0.004327] x2apic enabled
[    0.008005] Switched APIC routing to physical x2apic.
[    0.011148] ..TIMER: vector=0x30 apic1=0 pin1=2 apic2=-1 pin2=-1
[    0.012009] tsc: Detected 2494.316 MHz processor
[    0.013430] Calibrating delay loop (skipped) preset value.. 4988.63 BogoMIPS (lpj=9977264)
[    0.016008] pid_max: default: 32768 minimum: 301
[    0.020045] Security Framework initialized
[    0.024009] Yama: becoming mindful.
[    0.025389] AppArmor: AppArmor initialized
[    0.028114] Dentry cache hash table entries: 131072 (order: 8, 1048576 bytes)
[    0.032120] Inode-cache hash table entries: 65536 (order: 7, 524288 bytes)
[    0.036044] Mount-cache hash table entries: 2048 (order: 2, 16384 bytes)
[    0.040026] Mountpoint-cache hash table entries: 2048 (order: 2, 16384 bytes)
[    0.048081] Last level iTLB entries: 4KB 512, 2MB 8, 4MB 8
[    0.052009] Last level dTLB entries: 4KB 512, 2MB 32, 4MB 32, 1GB 0
[    0.056010] Spectre V1 : Mitigation: usercopy/swapgs barriers and __user pointer sanitization
[    0.060011] Spectre V2 : Mitigation: Full generic retpoline
[    0.064007] Spectre V2 : Spectre v2 / SpectreRSB mitigation: Filling RSB on context switch
[    0.068008] Speculative Store Bypass: Vulnerable
[    0.070109] MDS: Vulnerable: Clear CPU buffers attempted, no microcode
[    0.072208] Freeing SMP alternatives memory: 36K
[    0.080000] smpboot: CPU0: Intel(R) Core(TM) i5-3210M CPU @ 2.50GHz (family: 0x6, model: 0x3a, stepping: 0x9)
[    0.080172] Performance Events: unsupported p6 CPU model 58 no PMU driver, software events only.
[    0.084123] Hierarchical SRCU implementation.
[    0.088943] NMI watchdog: Perf event create on CPU 0 failed with -2
[    0.092009] NMI watchdog: Perf NMI watchdog permanently disabled
[    0.096109] smp: Bringing up secondary CPUs ...
[    0.100157] x86: Booting SMP configuration:
[    0.104011] .... node  #0, CPUs:      #1
[    0.004000] kvm-clock: cpu 1, msr 0:3ff44041, secondary cpu clock
[    0.136036] smp: Brought up 1 node, 2 CPUs
[    0.137453] smpboot: Max logical packages: 1
[    0.138861] smpboot: Total of 2 processors activated (9977.26 BogoMIPS)
[    0.140189] devtmpfs: initialized
[    0.144066] x86/mm: Memory block size: 128MB
[    0.148210] evm: security.selinux
[    0.149089] evm: security.SMACK64
[    0.152007] evm: security.SMACK64EXEC
[    0.156006] evm: security.SMACK64TRANSMUTE
[    0.157081] evm: security.SMACK64MMAP
[    0.160004] evm: security.apparmor
[    0.164004] evm: security.ima
[    0.165286] evm: security.capability
[    0.168134] clocksource: jiffies: mask: 0xffffffff max_cycles: 0xffffffff, max_idle_ns: 7645041785100000 ns
[    0.170616] futex hash table entries: 512 (order: 3, 32768 bytes)
[    0.176031] pinctrl core: initialized pinctrl subsystem
[    0.177509] RTC time:  2:05:21, date: 09/25/19
[    0.180288] NET: Registered protocol family 16
[    0.181521] audit: initializing netlink subsys (disabled)
[    0.182941] audit: type=2000 audit(1569377124.678:1): state=initialized audit_enabled=0 res=1
[    0.196025] cpuidle: using governor ladder
[    0.200025] cpuidle: using governor menu
[    0.204080] ACPI: bus type PCI registered
[    0.205431] acpiphp: ACPI Hot Plug PCI Controller Driver version: 0.5
[    0.208143] PCI: Using configuration type 1 for base access
[    0.213199] HugeTLB registered 2.00 MiB page size, pre-allocated 0 pages
[    0.216145] ACPI: Added _OSI(Module Device)
[    0.220016] ACPI: Added _OSI(Processor Device)
[    0.224014] ACPI: Added _OSI(3.0 _SCP Extensions)
[    0.228008] ACPI: Added _OSI(Processor Aggregator Device)
[    0.232009] ACPI: Added _OSI(Linux-Dell-Video)
[    0.233383] ACPI: Added _OSI(Linux-Lenovo-NV-HDMI-Audio)
[    0.236012] ACPI: Added _OSI(Linux-HPI-Hybrid-Graphics)
[    0.237749] ACPI: Executed 1 blocks of module-level executable AML code
[    0.245927] ACPI: Interpreter enabled
[    0.248023] ACPI: (supports S0 S5)
[    0.249151] ACPI: Using IOAPIC for interrupt routing
[    0.251041] PCI: Using host bridge windows from ACPI; if necessary, use "pci=nocrs" and report a bug
[    0.252279] ACPI: Enabled 2 GPEs in block 00 to 07
[    0.265904] ACPI: PCI Root Bridge [PCI0] (domain 0000 [bus 00-ff])
[    0.268017] acpi PNP0A03:00: _OSC: OS supports [ASPM ClockPM Segments MSI]
[    0.272044] acpi PNP0A03:00: _OSC: not requesting OS control; OS requires [ExtendedConfig ASPM ClockPM MSI]
[    0.275080] acpi PNP0A03:00: fail to add MMCONFIG information, can't access extended PCI configuration space under this bridge.
[    0.276652] PCI host bridge to bus 0000:00
[    0.278146] pci_bus 0000:00: root bus resource [io  0x0000-0x0cf7 window]
[    0.280008] pci_bus 0000:00: root bus resource [io  0x0d00-0xffff window]
[    0.281678] pci_bus 0000:00: root bus resource [mem 0x000a0000-0x000bffff window]
[    0.284005] pci_bus 0000:00: root bus resource [mem 0x40000000-0xfdffffff window]
[    0.285887] pci_bus 0000:00: root bus resource [bus 00-ff]
[    0.290829] pci 0000:00:01.1: legacy IDE quirk: reg 0x10: [io  0x01f0-0x01f7]
[    0.292004] pci 0000:00:01.1: legacy IDE quirk: reg 0x14: [io  0x03f6]
[    0.296006] pci 0000:00:01.1: legacy IDE quirk: reg 0x18: [io  0x0170-0x0177]
[    0.300005] pci 0000:00:01.1: legacy IDE quirk: reg 0x1c: [io  0x0376]
[    0.325598] pci 0000:00:07.0: quirk: [io  0x4000-0x403f] claimed by PIIX4 ACPI
[    0.327625] pci 0000:00:07.0: quirk: [io  0x4100-0x410f] claimed by PIIX4 SMB
[    0.338571] ACPI: PCI Interrupt Link [LNKA] (IRQs 5 9 10 *11)
[    0.340406] ACPI: PCI Interrupt Link [LNKB] (IRQs 5 9 *10 11)
[    0.344246] ACPI: PCI Interrupt Link [LNKC] (IRQs 5 *9 10 11)
[    0.348176] ACPI: PCI Interrupt Link [LNKD] (IRQs 5 9 10 *11)
[    0.352627] SCSI subsystem initialized
[    0.354006] pci 0000:00:02.0: vgaarb: setting as boot VGA device
[    0.354006] pci 0000:00:02.0: vgaarb: VGA device added: decodes=io+mem,owns=io+mem,locks=none
[    0.356021] pci 0000:00:02.0: vgaarb: bridge control possible
[    0.360005] vgaarb: loaded
[    0.361048] ACPI: bus type USB registered
[    0.362487] usbcore: registered new interface driver usbfs
[    0.364026] usbcore: registered new interface driver hub
[    0.365824] usbcore: registered new device driver usb
[    0.368180] EDAC MC: Ver: 3.0.0
[    0.372122] PCI: Using ACPI for IRQ routing
[    0.374441] NetLabel: Initializing
[    0.376010] NetLabel:  domain hash size = 128
[    0.377874] NetLabel:  protocols = UNLABELED CIPSOv4 CALIPSO
[    0.380044] NetLabel:  unlabeled traffic allowed by default
[    0.382046] clocksource: Switched to clocksource kvm-clock
[    0.406595] VFS: Disk quotas dquot_6.6.0
[    0.408496] VFS: Dquot-cache hash table entries: 512 (order 0, 4096 bytes)
    0.41327] AppArmor: AppArmor Filesystem Enabled
[   0.471528] pnp: PnP ACPI init
[   0.502975] pnp: PnP ACPI: found 3 devices

[    0.547835] clocksource: acpi_pm: mask: 0xffffff max_cycles: 0xffffff, max_idle_ns: 2085701024 ns
[    0.551472] NET: Registered protocol family 2
[   0.556056] TCP established hsh table entries: 8192 (order: 4, 65536 bytes)
[    0.632932] TCP bind hash table entries: 8192 (order: 5, 31072 bytes)
[    0.669550] TCP: Hash tables configured (establised 8192 bind 8192)
[    0.707351] UDP hash table entries: 512 (order: 2, 16384 bytes)
[    0.709572] UDP-Lite hash table entries: 512 (order: 2, 16384 bytes)
[    0.71199] NET: Registered protocol family 1
[    0.747578] pci 0000:00:00.0:imiting direct PCI/PI trsfers
[    0.920593] pci 0000:00:01.0: Activati ISA DMA hang workarounds
[    1.006139] pci 0000:00:02.0: Video device with shadowed ROM at [mem 0x000c0000-0x000ffff]
[    1.043039] Unpacking initramfs...

[    1.434697] Freeing initrd memory: 19144K
[    1.436471] clocksource: tsc: mask: 0xffffffffffffffff max_cycles: 0x23f4406cc0d, max_idle_ns: 440795293671 ns
[    1.440337] platform rtc_cmos: registered platform RTC device (no PNP device found)
[    1.448822] Scanning for low memory corruption every 60 seconds
[    1.457757] Initialise system trusted keyrings
[    1.459503] Key type blacklist registered
[    1.461317] workingset: timestamp_bits=36 max_order=18 bucket_order=0
[    1.465669] zbud: loaded
[    1.467704] squashfs: version 4.0 (2009/01/31) Phillip Lougher
[    1.470575] fuse init (API version 7.26)
[    1.477263] Key type asymmetric registered
[    1.478978] Asymmetric key parser 'x509' registered
[    1.480968] Block layer SCSI generic (bsg) driver version 0.4 loaded (major 246)
[    1.484075] io scheduler noop registered
[    1.485574] io scheduler deadline registered
[    1.487344] io scheduler cfq registered (default)
[    1.490023] ACPI: AC Adapter [AC] (on-line)
[    1.491887] input: Power Button as /devices/LNXSYSTM:00/LNXPWRBN:00/input/input0
[    1.503594] ACPI: Power Button [PWRF]
[    1.506548] input: Sleep Button as /devices/LNXSYSTM:00/LNXSLPBN:00/input/input1
[    1.509503] ACPI: Sleep Button [SLPF]
[    1.515394] ACPI: Battery Slot [BAT0] (battery present)
[    1.516293] Serial: 8250/16550 driver, 32 ports, IRQ sharing enabled
[    1.543348] 00:02: ttyS0 at I/O 0x3f8 (irq = 4, base_baud = 115200) is a 16550A
[    1.561518] Linux agpgart interface v0.103
[    1.564284] loop: module loaded
[    1.566205] scsi host0: ata_piix
[    1.567543] scsi host1: ata_piix
[    1.568955] ata1: PATA max UDMA/33 cmd 0x1f0 ctl 0x3f6 bmdma 0xd000 irq 14
[    1.573035] ata2: PATA max UDMA/33 cmd 0x170 ctl 0x376 bmdma 0xd008 irq 15
[    1.575402] libphy: Fixed MDIO Bus: probed
[    1.576936] tun: Universal TUN/TAP device driver, 1.6
[    1.578773] PPP generic driver version 2.4.2
[    1.580246] ehci_hcd: USB 2.0 'Enhanced' Host Controller (EHCI) Driver
[    1.582394] ehci-pci: EHCI PCI platform driver
[    1.584303] ehci-platform: EHCI generic platform driver
[    1.586073] ohci_hcd: USB 1.1 'Open' Host Controller (OHCI) Driver
[    1.588065] ohci-pci: OHCI PCI platform driver
[    1.589749] ohci-platform: OHCI generic platform driver
[    1.592684] uhci_hcd: USB Universal Host Controller Interface driver
[    1.594941] i8042: PNP: PS/2 Controller [PNP0303:PS2K,PNP0f03:PS2M] at 0x60,0x64 irq 1,12
[    1.598210] serio: i8042 KBD port at 0x60,0x64 irq 1
[    1.600173] serio: i8042 AUX port at 0x60,0x64 irq 12
[    1.607850] mousedev: PS/2 mouse device common for all mice
[    1.610102] input: AT Translated Set 2 keyboard as /devices/platform/i8042/serio0/input/input2
[    1.613471] rtc_cmos rtc_cmos: rtc core: registered rtc_cmos as rtc0
[    1.615666] rtc_cmos rtc_cmos: alarms up to one day, 114 bytes nvram
[    1.617791] i2c /dev entries driver
[    1.619032] device-mapper: uevent: version 1.0.3
[    1.620812] device-mapper: ioctl: 4.37.0-ioctl (2017-09-20) initialised: dm-devel@redhat.com
[    1.623971] ledtrig-cpu: registered to indicate activity on CPUs
[    1.626805] NET: Registered protocol family 10
[    1.634292] Segment Routing with IPv6
[    1.635687] NET: Registered protocol family 17
[    1.637457] Key type dns_resolver registered
[    1.639045] mce: Using 0 MCE banks
[    1.640343] RAS: Correctable Errors collector initialized.
[    1.642255] sched_clock: Marking stable (1640317478, 0)->(4161200487, -2520883009)
[    1.651361] registered taskstats version 1
[    1.656986] Loading compiled-in X.509 certificates
[    1.661666] Loaded X.509 cert 'Build time autogenerated kernel key: ff1b14b29a8b0fad041e56b58c2af39eda0766ce'
[    1.664953] zswap: loaded using pool lzo/zbud
[    1.671106] Key type big_key registered
[    1.672519] Key type trusted registered
[    1.675976] Key type encrypted registered
[    1.677471] AppArmor: AppArmor sha1 policy hashing enabled
[    1.679302] ima: No TPM chip found, activating TPM-bypass! (rc=-19)
[    1.681405] ima: Allocated hash algorithm: sha1
[    1.682977] evm: HMAC attrs: 0x1
[    1.684477]   Magic number: 3:619:56
[    1.685703] input mice: hash matches
[    1.687164] rtc_cmos rtc_cmos: setting system clock to 2019-09-25 02:05:23 UTC (1569377123)
[    1.690229] BIOS EDD facility v0.16 2004-Jun-25, 0 devices found
[    1.692285] EDD information not available.
[    1.744544] Freeing unused kernel image memory: 2436K
[    1.752574] Write protecting the kernel read-only data: 20480k
[    1.755901] Freeing unused kernel image memory: 2008K
[    1.758450] Freeing unused kernel image memory: 1972K
[    1.767915] x86/mm: Checked W+X mappings: passed, no W+X pages found.
[    1.770053] x86/mm: Checking user space page tables
[    1.779195] x86/mm: Checked W+X mappings: passed, no W+X pages found.
Loading, please wait...
starting version 237
[    1.880694] e1000: Intel(R) PRO/1000 Network Driver - version 7.3.21-k8-NAPI
[    1.886406] e1000: Copyright (c) 1999-2006 Intel Corporation.
[    1.903930] Fusion MPT base driver 3.04.20
[    1.905901] Copyright (c) 1999-2008 LSI Corporation
[    1.966834] Fusion MPT SPI Host driver 3.04.20
[    1.997403] AVX version of gcm_enc/dec engaged.
[    1.999263] AES CTR mode by8 optimization enabled
[    2.201769] input: ImExPS/2 Generic Explorer Mouse as /devices/platform/i8042/serio1/input/input4
[    2.459238] e1000 0000:00:03.0 eth0: (PCI:33MHz:32-bit) 02:b7:5c:02:92:a2
[    2.474340] e1000 0000:00:03.0 eth0: Intel(R) PRO/1000 Network Connection
[    2.478884] e1000 0000:00:03.0 enp0s3: renamed from eth0
[    2.480172] mptbase: ioc0: Initiating bringup
[    2.577490] ioc0: LSI53C1030 A0: Capabilities={Initiator}
[    2.819384] scsi host2: ioc0: LSI53C1030 A0, FwRev=00000000h, Ports=1, MaxQ=256, IRQ=20
[    2.988761] scsi 2:0:0:0: Direct-Access     VBOX     HARDDISK         1.0  PQ: 0 ANSI: 5
[    3.051525] scsi target2:0:0: Beginning Domain Validation
[    3.056227] scsi target2:0:0: Domain Validation skipping write tests
[    3.058676] scsi target2:0:0: Ending Domain Validation
[    3.060772] scsi target2:0:0: asynchronous
[    3.062969] scsi 2:0:1:0: Direct-Access     VBOX     HARDDISK         1.0  PQ: 0 ANSI: 5
[    3.663277] scsi target2:0:1: Beginning Domain Validation
[    3.665990] random: fast init done
[    3.667852] scsi target2:0:1: Domain Validation skipping write tests
[    3.669683] scsi target2:0:1: Ending Domain Validation
[    3.671234] scsi target2:0:1: asynchronous
[    3.676706] random: systemd-udevd: uninitialized urandom read (16 bytes read)
[    3.706338] sd 2:0:0:0: Attached scsi generic sg0 type 0
[    3.707886] random: systemd-udevd: uninitialized urandom read (16 bytes read)
[    3.709918] random: systemd-udevd: uninitialized urandom read (16 bytes read)
[    3.711757] sd 2:0:1:0: Attached scsi generic sg1 type 0
[    3.711847] sd 2:0:0:0: [sda] 20971520 512-byte logical blocks: (10.7 GB/10.0 GiB)
[    3.725230] sd 2:0:0:0: [sda] Write Protect is off
[    3.726542] sd 2:0:1:0: [sdb] 20480 512-byte logical blocks: (10.5 MB/10.0 MiB)
[    3.742747] sd 2:0:1:0: [sdb] Write Protect is off
[    3.744232] sd 2:0:0:0: [sda] Incomplete mode parameter data
[    3.746035] sd 2:0:0:0: [sda] Assuming drive cache: write through
[    3.748168] sd 2:0:1:0: [sdb] Incomplete mode parameter data
[    3.750217] sd 2:0:1:0: [sdb] Assuming drive cache: write through
[    3.755629]  sda: sda1
[    3.758290] sd 2:0:1:0: [sdb] Attached SCSI disk
[    3.764247] sd 2:0:0:0: [sda] Attached SCSI disk
Begin: Loading essential drivers ... [    5.292211] raid6: sse2x1   gen()  7221 MB/s
[    5.340203] raid6: sse2x1   xor()  6012 MB/s
[    5.392537] raid6: sse2x2   gen() 10103 MB/s
[    5.440168] raid6: sse2x2   xor()  6886 MB/s
[    5.488603] raid6: sse2x4   gen() 12474 MB/s
[    5.536209] raid6: sse2x4   xor()  8497 MB/s
[    5.542743] raid6: using algorithm sse2x4 gen() 12474 MB/s
[    5.549633] raid6: .... xor() 8497 MB/s, rmw enabled
[    5.557809] raid6: using ssse3x2 recovery algorithm
[    5.566373] xor: automatically using best checksumming function   avx       
[    5.570192] async_tx: api initialized (async)
done.
Begin: Running /scripts/init-premount ... done.
Begin: Mounting root file system ... Begin: Running /scripts/local-top ... done.
Begin: Running /scripts/local-premount ... [    5.626067] Btrfs loaded, crc32c=crc32c-intel
Scanning for Btrfs filesystems
done.
Warning: fsck not present, so skipping root file system
[    5.670754] EXT4-fs (sda1): mounted filesystem with ordered data mode. Opts: (null)
done.
Begin: Running /scripts/local-bottom ... done.
Begin: Running /scripts/init-bottom ... done.
[    6.010292] ip_tables: (C) 2000-2006 Netfilter Core Team
[    6.026254] systemd[1]: systemd 237 running in system mode. (+PAM +AUDIT +SELINUX +IMA +APPARMOR +SMACK +SYSVINIT +UTMP +LIBCRYPTSETUP +GCRYPT +GNUTLS +ACL +XZ +LZ4 +SECCOMP +BLKID +ELFUTILS +KMOD -IDN2 +IDN -PCRE2 default-hierarchy=hybrid)
[    6.031857] systemd[1]: Detected virtualization oracle.
[    6.033831] systemd[1]: Detected architecture x86-64.

Welcome to [1mUbuntu 18.04.3 LTS[0m!

[    6.052648] systemd[1]: Set hostname to <ubuntu>.
[    6.058693] systemd[1]: Initializing machine ID from random generator.
[    6.062393] systemd[1]: Installed transient /etc/machine-id file.
[    6.738587] systemd[1]: Reached target User and Group Name Lookups.
[[0;32m  OK  [0m] Reached target User and Group Name Lookups.
[    7.635745] systemd[1]: Created slice User and Session Slice.
[[0;32m  OK  [0m] Created slice User and Session Slice.
[    7.652804] systemd[1]: Set up automount Arbitrary Executable File Formats File System Automount Point.
[[0;32m  OK  [0m] Set up automount Arbitrary Executab…rmats File System Automount Point.
[    7.692895] systemd[1]: Created slice System Slice.
[[0;32m  OK  [0m] Created slice System Slice.
[[0;32m  OK  [0m] Listening on LVM2 poll daemon socket.
[[0;32m  OK  [0m] Listening on Syslog Socket.
[[0;32m  OK  [0m] Listening on Journal Audit Socket.
[[0;32m  OK  [0m] Listening on Journal Socket.
         Starting Uncomplicated firewall...
         Mounting Kernel Debug File System...
         Starting Load Kernel Modules...
         Mounting Huge Pages File System...
         Starting Set the console keyboard layout...
[[0;32m  OK  [0m] Reached target Slices.
[[0;32m  OK  [0m] Created slice system-serial\x2dgetty.slice.
[[0;32m  OK  [0m] Listening on Network Service Netlink Socket.
[[0;32m  OK  [0m] Listening on Device-mapper event daemon FIFOs.
         Starting Create list of required st…ce nodes for the current kernel...
[[0;32m  OK  [0m] Listening on udev Kernel Socket.
[[0;32m  OK  [0m] Listening on Journal Socket (/dev/log).
         Starting Journal Service...
[[0;32m  OK  [0m] Listening on LVM2 metadata daemon socket.
         Starting Monitoring of LVM2 mirrors…ng dmeventd or progress polling..[    7.793182] Loading iSCSI transport class v2.0-870.
.
         Starting Remount Root and Kernel File Systems...
[[0;32m  OK  [0m] Reached target Swap.
[[0;32m  OK  [0m] Listening on udev Control Socket.
         Starting udev Coldplug all Devices...
[[0;32m  OK  [0m] Listening on /dev/initctl Compatibility Named Pipe.
         Mounting POSIX Message Queue File System...
[[0;32m  OK  [0m] Reached target System Time Synchronized.
[[0;32m  OK  [0m] Started Forward Password Requests to Wall Directory Watch.
[[0;32m  OK  [0m] Started Uncomplicated firewall.
[[0;32m  OK  [0m] Mounted Kernel Debug File System.
[[0;32m  OK  [0m] Mounted Huge Pages File System.
[[0;32m  OK  [0m] Started Create list of required sta…vice nodes for the current kernel.
[[0;32m  OK  [0m] Mounted POSIX Message Queue File System.
[[0;32m  OK  [0m] Started LVM2 metadata daemon.
         Starting Create Static Device Nodes in /dev...
[    7.884923] iscsi: registered transport (tcp)
[    7.904966] iscsi: registered transport (iser)
[[0;32m  OK  [0m] Started Load Kernel Modules.
         Mounting FUSE Control File System...
         Starting Apply Kernel Variables...
         Mounting Kernel Configuration File System...
[[0;32m  OK  [0m] Mounted FUSE Control File System.
[[0;32m  OK  [0m] Mounted Kernel Configuration File System.
[[0;32m  OK  [0m] Started Journal Service.
[    7.983863] EXT4-fs (sda1): re-mounted. Opts: (null)
[[0;32m  OK  [0m] Started Create Static Device Nodes in /dev.
[[0;32m  OK  [0m] Started Remount Root and Kernel File Systems.
[[0;32m  OK  [0m] Started Monitoring of LVM2 mirrors,…sing dmeventd or progress polling.
[[0;32m  OK  [0m] Started Apply Kernel Variables.
[[0;32m  OK  [0m] Started udev Coldplug all Devices.
         Starting Load/Save Random Seed...
         Starting udev Kernel Device Manager...
         Starting Flush Journal to Persistent Storage...
[[0;32m  OK  [0m] Started Load/Save Random Seed.
[[0;32m  OK  [0m] Started Set the console keyboard layout.
[[0;32m  OK  [0m] Started udev Kernel Device Manager.
[[0;32m  OK  [0m] Started Dispatch Password Requests to Console Directory Watch.
[[0;32m  OK  [0m] Reached target Local Encrypted Volumes.
[[0;32m  OK  [0m] Reached target Local File Systems (Pre).
[[0;32m  OK  [0m] Reached target Local File Systems.
         Starting Tell Plymouth To Write Out Runtime Data...
         Starting ebtables ruleset management...
         Starting Set console font and keymap...
         Starting Commit a transient machine-id on disk...
         Starting AppArmor initialization...
[[0;32m  OK  [0m] Started Tell Plymouth To Write Out Runtime Data.
[[0;32m  OK  [0m] Started Flush Journal to Persistent Storage.
         Starting Create Volatile Files and Directories...
[[0;32m  OK  [0m] Started Set console font and keymap.
[[0;32m  OK  [0m] Started Commit a transient machine-id on disk.
[[0;32m  OK  [0m] Started Create Volatile Files and Directories.
         Starting Update UTMP about System Boot/Shutdown...
[[0;32m  OK  [0m] Started Update UTMP about System Boot/Shutdown.
[[0;32m  OK  [0m] Started ebtables ruleset management.
[[0;32m  OK  [0m] Found device /dev/ttyS0.
[[0;32m  OK  [0m] Listening on Load/Save RF Kill Switch Status /dev/rfkill Watch.
[[0;32m  OK  [0m] Started AppArmor initialization.
         Starting Initial cloud-init job (pre-networking)...
[   11.529686] cloud-init[551]: Cloud-init v. 19.2-24-ge7881d5c-0ubuntu1~18.04.1 running 'init-local' at Wed, 25 Sep 2019 02:05:32 +0000. Up 11.09 seconds.
[[0;32m  OK  [0m] Started Initial cloud-init job (pre-networking).
[[0;32m  OK  [0m] Reached target Network (Pre).
         Starting Network Service...
[[0;32m  OK  [0m] Started Network Service.
         Starting Wait for Network to be Configured...
         Starting Network Name Resolution...
[[0;32m  OK  [0m] Started Network Name Resolution.
[[0;32m  OK  [0m] Reached target Host and Network Name Lookups.
[[0;32m  OK  [0m] Reached target Network.
[[0;32m  OK  [0m] Started Wait for Network to be Configured.
         Starting Initial cloud-init job (metadata service crawler)...
[   14.131176] cloud-init[656]: Cloud-init v. 19.2-24-ge7881d5c-0ubuntu1~18.04.1 running 'init' at Wed, 25 Sep 2019 02:05:35 +0000. Up 13.94 seconds.
[   14.161941] cloud-init[656]: ci-info: ++++++++++++++++++++++++++++++++++++++Net device info++++++++++++++++++++++++++++++++++++++
[   14.164784] cloud-init[656]: ci-info: +--------+------+----------------------------+---------------+--------+-------------------+
[   14.167566] cloud-init[656]: ci-info: | Device |  Up  |          Address           |      Mask     | Scope  |     Hw-Address    |
[   14.172410] cloud-init[656]: ci-info: +--------+------+----------------------------+---------------+--------+-------------------+
[   14.175552] cloud-init[656]: ci-info: | enp0s3 | True |         10.0.2.15          | 255.255.255.0 | global | 02:b7:5c:02:92:a2 |
[   14.197565] cloud-init[656]: ci-info: | enp0s3 | True | fe80::b7:5cff:fe02:92a2/64 |       .       |  link  | 02:b7:5c:02:92:a2 |
[   14.200714] cloud-init[656]: ci-info: |   lo   | True |         127.0.0.1          |   255.0.0.0   |  host  |         .         |
[   14.203384] cloud-init[656]: ci-info: |   lo   | True |          ::1/128           |       .       |  host  |         .         |
[   14.220799] cloud-init[656]: ci-info: +--------+------+----------------------------+---------------+--------+-------------------+
[   14.241645] cloud-init[656]: ci-info: ++++++++++++++++++++++++++++Route IPv4 info+++++++++++++++++++++++++++++
[   14.264630] cloud-init[656]: ci-info: +-------+-------------+----------+-----------------+-----------+-------+
[   14.268556] cloud-init[656]: ci-info: | Route | Destination | Gateway  |     Genmask     | Interface | Flags |
[   14.291083] cloud-init[656]: ci-info: +-------+-------------+----------+-----------------+-----------+-------+
[   14.294048] cloud-init[656]: ci-info: |   0   |   0.0.0.0   | 10.0.2.2 |     0.0.0.0     |   enp0s3  |   UG  |
[   14.316087] cloud-init[656]: ci-info: |   1   |   10.0.2.0  | 0.0.0.0  |  255.255.255.0  |   enp0s3  |   U   |
[   14.410858] cloud-init[656]: ci-info: |   2   |   10.0.2.2  | 0.0.0.0  | 255.255.255.255 |   enp0s3  |   UH  |
[   14.425683] cloud-init[656]: ci-info: +-------+-------------+----------+-----------------+-----------+-------+
[   14.446299] cloud-init[656]: ci-info: +++++++++++++++++++Route IPv6 info+++++++++++++++++++
[   14.472408] cloud-init[656]: ci-info: +-------+-------------+---------+-----------+-------+
[   14.489069] cloud-init[656]: ci-info: | Route | Destination | Gateway | Interface | Flags |
[   14.508121] cloud-init[656]: ci-info: +-------+-------------+---------+-----------+-------+
[   14.535224] cloud-init[656]: ci-info: |   1   |  fe80::/64  |    ::   |   enp0s3  |   U   |
[   14.549456] cloud-init[656]: ci-info: |   3   |    local    |    ::   |   enp0s3  |   U   |
[   14.558325] cloud-init[656]: ci-info: |   4   |   ff00::/8  |    ::   |   enp0s3  |   U   |
[   14.560852] cloud-init[656]: ci-info: +-------+-------------+---------+-----------+-------+
[   15.015154] cloud-init[656]: Generating public/private rsa key pair.
[   15.023432] cloud-init[656]: Your identification has been saved in /etc/ssh/ssh_host_rsa_key.
[   15.026420] cloud-init[656]: Your public key has been saved in /etc/ssh/ssh_host_rsa_key.pub.
[   15.049753] cloud-init[656]: The key fingerprint is:
[   15.071423] cloud-init[656]: SHA256:B0lIUQHXSa2ak7yAzu3JH/tocM7EwEnA9BstjILETJ8 root@ubuntu-bionic
[   15.074485] cloud-init[656]: The key's randomart image is:
[   15.076639] cloud-init[656]: +---[RSA 2048]----+
[   15.080255] cloud-init[656]: |+o ooo+==+.o     |
[   15.089546] cloud-init[656]: |.+. o+o+ .o .    |
[   15.091459] cloud-init[656]: |. .E.o=.+  .     |
[   15.093330] cloud-init[656]: |   .  ++ ..      |
[   15.095380] cloud-init[656]: |     ..+S+.      |
[   15.097619] cloud-init[656]: |    . o X.       |
[   15.099562] cloud-init[656]: |   o . B.o       |
[   15.101503] cloud-init[656]: |    o...=+       |[[0;32m  OK  [0m] Started Initial cloud-init job (metadata service crawler).
[[0;32m  OK  [0m] Reached target Cloud-config availability.

[[0;32m  OK  [0m] Reached target Network is Online.
[   15.133206] [cloud-init[0;32m  OK  [0m[656]: ] |     .+o+..      |Reached target Remote File Systems (Pre).

[[0;32m  OK  [0m] Reached target Remote File Systems.
[   15.165055] cloud-init[656]: +----[SHA256]-----+
         Starting Availability of block devices...
[   15.189693] [[0;32m  OK  [0m] Reached target System Initialization.
[[0;32m  OK  [0m] Started Daily Cleanup of Temporary Directories.
         Starting Socket activation for snappy daemon.
[[0;32m  OK  [0m] Started ACPI Events Check.
cloud-init[656]: Generating public/private dsa key pair.
[[0;32m  OK  [0m] Reached target Paths.
[   15.198614] [[0;32m  OK  [0m] Listening on UUID daemon activation socket.
[[0;32m  OK  [0m] Started Discard unused blocks once a week.
[[0;32m  OK  [0m] Started Daily apt download activities.
[[0;32m  OK  [0m] Started Daily apt upgrade and clean activities.
cloud-init[656]: Your identification has been saved in /etc/ssh/ssh_host_dsa_key.
         Starting LXD - unix socket.
[[0;32m  OK  [0m] Listening on Open-iSCSI iscsid Socket.
[[0;32m  OK  [0m] Started Message of the Day.
[[0;32m  OK  [0m] Reached target Timers.
[   15.260577] cloud-init[656]: Your public key has been saved in /etc/ssh/ssh_host_dsa_key.pub.
[   15.294627] cloud-init[656]: The key fingerprint is:
[   15.294780] cloud-init[656]: SHA256:tO3Y3WGFtbOGR5amYDUmAqMcnOjwZfWo764t0bSMazQ root@ubuntu-bionic
[   15.295540] cloud-init[656]: The key's randomart image is:
[   15.297030] cloud-init[656]: +---[DSA 1024]----+
[   15.297802] cloud-init[656]: |    o.o+.. . +  .|
[   15.298529] cloud-init[656]: | . ..=o + . + .oo|
[   15.299253] cloud-init[656]: |  + oo ... o  .B.|
[   15.299990] cloud-init[656]: |   o  .o o. . *.o|
[   15.301332] cloud-init[656]: |     .= S .  oo+ |
[   15.302074] cloud-init[656]: |     E.+ + . oo. |
[   15.302799] cloud-init[656]: |    . +.. o . .  |
[   15.303539] cloud-init[656]: |     +o          |
[   15.305068] cloud-init[656]: |    ..++         |
[   15.305878] cloud-init[656]: +----[SHA256]-----+
[   15.305942] cloud-init[656]: Generating public/private ecdsa key pair.
[   15.306000] cloud-init[656]: Your identification has been saved in /etc/ssh/ssh_host_ecdsa_key.
[   15.306057] cloud-init[656]: Your public key has been saved in /etc/ssh/ssh_host_ecdsa_key.pub.
[[0;32m  OK  [0m] [   15.306129] Listening on D-Bus System Message Bus Socket.cloud-init
[656]: The key fingerprint is:
[[   15.329098] cloud-init[656]: SHA256:XHQCAC7z12SPJTAieSImb2j4aZz11yUicAe3/u5ZbE4 root@ubuntu-bionic
[   15.329327] cloud-init[656]: The key's randomart image is:
[   15.330061] cloud-init[656]: +---[ECDSA 256]---+
[   15.330811] cloud-init[656]: |  ..o.=oo.o .    |
[   15.332146] cloud-init[656]: |o.ooo..+.o o     |
[   15.333040] cloud-init[656]: |++oo.o .= o      |
[0;32m  OK  [0m] Listening on ACPID Listen Socket.
[   15.333420] cloud-init[656]: |o.o+. .*.*. .    |
[[   15.362093] cloud-init[656]: |.+ +....So.o     |
[   15.362288] cloud-init[656]: |  *  .. ....     |
[   15.363014] cloud-init[656]: | .     .  . E    |
[   15.363750] cloud-init[656]: |         . *     |
[   15.365254] cloud-init[656]: |         .+ .    |
[   15.366825] cloud-init[656]: +----[SHA256]-----+
[   15.367548] cloud-init[656]: Generating public/private ed25519 key pair.
[   15.368999] cloud-init[656]: Your identification has been saved in /etc/ssh/ssh_host_ed25519_key.
[0;32m  OK  [0m] Started Availability of block devices.
[   15.369818] cloud-init[656]: Your public key has been saved in /etc/ssh/ssh_host_ed25519_key.pub.
[[   15.389706] cloud-init[656]: The key fingerprint is:
[   15.389842] cloud-init[656]: SHA256:6KtRQZ86j0432eCeyyC/5en9Gg34ff9867wr2KThxZQ root@ubuntu-bionic
[   15.390589] cloud-init[656]: The key's randomart image is:
[   15.391318] cloud-init[656]: +--[ED25519 256]--+
[   15.392088] cloud-init[656]: |      .          |
[   15.392802] cloud-init[656]: |     . . .       |
[0;32m  OK  [0m] Listening on Socket activation for snappy daemon.
[   15.393828] cloud-init[656]: |      . o     .  |
[[   15.424778] cloud-init[656]: |       + .   E   |
[   15.424979] cloud-init[656]: |      = S . o    |
[   15.425722] cloud-init[656]: |     o = = = +   |
[   15.426445] cloud-init[656]: |    o = B = X .  |
[   15.427179] cloud-init[656]: |     * O = = +.o.|
[   15.428478] cloud-init[656]: |    ..=oO.oo. o*X|
[   15.428681] cloud-init[656]: +----[SHA256]-----+
[0;32m  OK  [0m] Listening on LXD - unix socket.
[[0;32m  OK  [0m] Reached target Sockets.
[[0;32m  OK  [0m] Reached target Basic System.
         Starting Accounts Service...
         Starting Pollinate to seed the pseudo random number generator...
[[0;32m  OK  [0m] Started D-Bus System Message Bus.
[[0;32m  OK  [0m] Started FUSE filesystem for LXC.
[[0;32m  OK  [0m] Started Deferred execution scheduler.
         Starting Login Service...
[[0;32m  OK  [0m] Started Regular background program processing daemon.
         Starting LSB: Record successful boot for GRUB...
[[0;32m  OK  [0m] Started irqbalance daemon.
         Starting System Logging Service...
         Starting LXD - container startup/shutdown...
         Starting Virtualbox guest utils...
         Starting Dispatcher daemon for systemd-networkd...
         Starting LSB: automatic crash report generation...
         Starting Permit User Sessions...
         Starting Snappy daemon...
[[0;32m  OK  [0m] Started System Logging Service.
[[0;32m  OK  [0m] Started Permit User Sessions.
[[0;32m  OK  [0m] Started LXD - container startup/shutdown.
[[0;32m  OK  [0m] Started Login Service.
         Starting Authorization Manager...
[[0;32m  OK  [0m] Started Unattended Upgrades Shutdown.
         Starting Hold until boot process finishes up...
         Starting Terminate Plymouth Boot Screen...
[[0;32m  OK  [0m] Started Hold until boot process finishes up.
[[0;32m  OK  [0m] Started Terminate Plymouth Boot Screen.
         Starting Set console scheme...
[[0;32m  OK  [0m] Started Serial Getty on ttyS0.
[[0;32m  OK  [0m] Started LSB: automatic crash report generation.
[[0;32m  OK  [0m] Started Set console scheme.
[[0;32m  OK  [0m] Created slice system-getty.slice.
[[0;32m  OK  [0m] Started Getty on tty1.
[[0;32m  OK  [0m] Reached target Login Prompts.
[[0;32m  OK  [0m] Started LSB: Record successful boot for GRUB.
[[0;32m  OK  [0m] Started Authorization Manager.
[[0;32m  OK  [0m] Started Accounts Service.
[[0;32m  OK  [0m] Started Virtualbox guest utils.
[[0;32m  OK  [0m] Started Dispatcher daemon for systemd-networkd.
[[0;32m  OK  [0m] Started Snappy daemon.
         Starting Wait until snapd is fully seeded...
[[0;32m  OK  [0m] Started Pollinate to seed the pseudo random number generator.
         Starting OpenBSD Secure Shell server...
[[0;32m  OK  [0m] Started OpenBSD Secure Shell server.
[[0;32m  OK  [0m] Created slice User Slice of vagrant.
         Starting User Manager for UID 1000...
[[0;32m  OK  [0m] Started Session 1 of user vagrant.
[[0;32m  OK  [0m] Started User Manager for UID 1000.

Ubuntu 18.04.3 LTS ubuntu-bionic ttyS0

ubuntu-bionic login: [   25.015074] cloud-init[1731]: Cloud-init v. 19.2-24-ge7881d5c-0ubuntu1~18.04.1 running 'modules:config' at Wed, 25 Sep 2019 02:05:46 +0000. Up 24.49 seconds.
ci-info: no authorized ssh keys fingerprints found for user ubuntu.
<14>Sep 25 02:05:47 ec2: 
<14>Sep 25 02:05:47 ec2: #############################################################
<14>Sep 25 02:05:47 ec2: -----BEGIN SSH HOST KEY FINGERPRINTS-----
<14>Sep 25 02:05:47 ec2: 1024 SHA256:tO3Y3WGFtbOGR5amYDUmAqMcnOjwZfWo764t0bSMazQ root@ubuntu-bionic (DSA)
<14>Sep 25 02:05:47 ec2: 256 SHA256:XHQCAC7z12SPJTAieSImb2j4aZz11yUicAe3/u5ZbE4 root@ubuntu-bionic (ECDSA)
<14>Sep 25 02:05:47 ec2: 256 SHA256:6KtRQZ86j0432eCeyyC/5en9Gg34ff9867wr2KThxZQ root@ubuntu-bionic (ED25519)
<14>Sep 25 02:05:47 ec2: 2048 SHA256:B0lIUQHXSa2ak7yAzu3JH/tocM7EwEnA9BstjILETJ8 root@ubuntu-bionic (RSA)
<14>Sep 25 02:05:47 ec2: -----END SSH HOST KEY FINGERPRINTS-----
<14>Sep 25 02:05:47 ec2: #############################################################
-----BEGIN SSH HOST KEY KEYS-----
ecdsa-sha2-nistp256 AAAAE2VjZHNhLXNoYTItbmlzdHAyNTYAAAAIbmlzdHAyNTYAAABBBPS9SiMkEU5cGJ0oEzoRS9EWbrI+L5szOtIYYyUpF4xngzn2n2PmRsnUkl8EDsctDjCONPuo4TtbEI3Uh9obzTE= root@ubuntu-bionic
ssh-ed25519 AAAAC3NzaC1lZDI1NTE5AAAAIFMVuJZoCt0ocRJOhxR5vlaiqra8fqfLym9U2+MHzSmk root@ubuntu-bionic
ssh-rsa AAAAB3NzaC1yc2EAAAADAQABAAABAQDHn6Xse5b2B9FRO6aaeAVtAheE/W4Zg1PRJO34iXRtqO0CrGrRsPmYh16yukhyCAPJ/w3mYqPevBiUOECSisUFO0UZShaukvqde80kMOZUAXjcx+Lsfxu4tkeoz+zR8KLJZs5xB2ttzSvc9yBYK4RFGWRUTkh3Jz7Pdk1VJ9MBhMiDRYNglcBhzQx4z8KIBNaTB8Lu6m9tmDbow5fGjF0reYOUDqn0iar8vyoHJ32lTByQ60lbnTzhzlRkRJaVPY8ECeKxrnLthC9AzSiAI+fXNaHWFwBXP/qPBILUuGi6FufUX7vE3pebuoMTtKol+eVc1smQu1jk6OfLNCy+gvPN root@ubuntu-bionic
-----END SSH HOST KEY KEYS-----
[   25.757964] cloud-init[1869]: Cloud-init v. 19.2-24-ge7881d5c-0ubuntu1~18.04.1 running 'modules:final' at Wed, 25 Sep 2019 02:05:47 +0000. Up 25.57 seconds.
[   25.758105] cloud-init[1869]: ci-info: no authorized ssh keys fingerprints found for user ubuntu.
[   25.758180] cloud-init[1869]: Cloud-init v. 19.2-24-ge7881d5c-0ubuntu1~18.04.1 finished at Wed, 25 Sep 2019 02:05:47 +0000. Datasource DataSourceNoCloud [seed=/dev/sdb][dsmode=net].  Up 25.73 seconds
