[    0.000000] Linux version 4.15.0-62-generic (buildd@lcy01-amd64-024) (gcc version 7.4.0 (Ubuntu 7.4.0-1ubuntu1~18.04.1)) #69-Ubuntu SMP Wed Sep 4 20:55:53 UTC 2019 (Ubuntu 4.15.0-62.69-generic 4.15.18)
[    .000000] Command line: BOOT_IMAGE=/boot/vmlinuz-4.15.0-62-generic root=LABEL=cloudimg-rootfs ro console=tty1 console=ttyS0
[   0.000000] KERNL uupported cpus:
[    0.000000]   Intel GenuineIntel
[    0.000000]   AMD AuthenticAMD
[    0.000000]   Centaur CentaurHauls
[    0.000000] x86/fpu: Supporting XSAVE feature 0x001: 'x87 floating point registers'
[   0.000000] x86/fpu: Supporting XSAVE feature 0x002: 'SSE registers'
[   0.000000] x86/fpu: Supporting XSAVE feature 0x004: 'AVX registers'
[   0.000000] x86/fpu: xstate_offset[2]:  576, xstate_sizes[2]:  256
[    0.000000] x86/fpu: Enabled xstate features 0x7, context size is 832 bytes, using 'standard' format.
[    0.000000] e820: BIOS-provided physical RAM map:
[    0.000000] BIOS-e820: [mem 0x0000000000000000-0x000000000009fbff] usable
[   0.000000] BIOS-e820: [mem 0x000000000009fc00-0x000000000009ffff] reserved
[    0.000000] BIOS-e820: [mem 0x00000000000f0000-0x00000000000fffff] reserved
[    0.000000] BIOS-e820: [mem 0x0000000000100000-0x000000003ffeffff] usable
[    0.000000] BIOS-e820: [mem 0x000000003fff0000-0x000000003fffffff] ACPI data
[    0.000000] BIOS-e820: [mem 0x00000000fec00000-0x00000000fec00fff] reserved
[    0.000000] BIOS-e820: [mem 0x00000000fee00000-0x00000000fee00fff] reserved
[    0.000000] BIOS-e820: [mem 0x00000000fffc0000-0x00000000ffffffff] reserved
[   0.000000] NX (Execute Disable) protection: active
[    0.000000] SMBIOS 2.5 present.
[    0.000000] DMI: innotek GmbH VirtualBox/VirtualBox, BIOS VirtualBox 12/01/2006
[    0.000000] Hypervisor detected: KVM
[    0.000000] e820: last_pfn = 0x3fff0 max_arch_pfn = 0x40000000
[    0.000000] MTRR: Disabled
[    0.000000] x86/PAT: MTRRs disabled, skipping PAT initialization too.
[   0.000000] CPU MTRRs all blank - virtualized system.
[    0.000000] x86/PAT: Configuration [0-7]: WB  WT  UC- UC  WB  WT  UC- UC  
[   0.000000] found SMP MP-table at [mem 0x0009fff0-0x0009ffff]
[    0.000000] Scanning 1 areas for low memory corruption
[  0.000000] RAMDISK: [mem 0x35a8b000-0x36d3cfff]
[   0.000000] ACPI: Early table checksum verification disabled
[   .000000] ACPI: RSDP 000000000000E0000 000024 (v02 VBOX )
[    0.000000] ACPI: XSDT 0x000000003FFF0030 00003C (v01 VBOX   VBOXXSDT 00000001 ASL  00000061)
[    0.000000] ACPI: FACP 0x000000003FFF00F0 0000F4 (v04 VBOX   VBOXFACP 00000001 ASL  00000061)
[    0.000000] ACPI: DSDT 0x000000003FFF0470 0021FF (v02 VBOX   VBOXBIOS 00000002 INTL 20100528)
[    0.000000] ACPI: FACS 0x000000003FFF0200 000040
[    0.000000] ACPI: FACS 0x000000003FFF0200 000040
[    0.000000] ACPI: APIC 0x000000003FFF0240 00005C (v02 VBOX   VBOXAPIC 00000001 ASL  00000061)
[   0.000000] ACPI: SSDT 0x000000003FFF02A0 0001CC (v01 VBOX   VBOXCPUT 00000002 INTL 20100528)
[    0.000000] No NUMA configuration found
[   0.000000] Faking a node at [mem 0x0000000000000000-0x000000003ffeffff]
[    0.000000] NODE_DATA(0) allocated [mem 0x3ffc5000-0x3ffeffff]
[    0.000000] kvm-clock: cpu 0, msr 0:3ff44001, primary cpu clock
[    0.000000] kvm-clck: Using msrs 4b564d01 and 4b564d00
[  0.000000] kvm-clock: using sched offset of 3827951572 cycles
[    0.000000] clocksource: kvm-clock: mask: 0xffffffffffffffff max_cycles: 0x1cd42e4dffb, max_idle_ns: 881590591483 ns
[    0.000000] Zone ranges:
[    0.000000]   DMA      [mem 0x0000000000001000-0x0000000000ffffff]
[    0.000000]   DMA32    [mem 0x0000000001000000-0x000000003ffeffff]
[    0.000000]   Normal   empty
[    0.000000]   Device   empty
[    0.000000]Movable zone start for each node
[  0.000000] Early memory node ranges
[   0.000000]   node   0: [mem 0x0000000000001000-0x000000000009efff]
[   0.000000]   node   0: [mem 0x0000000000100000-0x000000003ffeffff]
[    0.000000] Reserved butunavailable: 98 pages
[   .000000] Initmem setup node 0 [mem 0x0000000000001000-0x000000003ffeffff]
[   0.000000] ACPI: PM-Timer IO Port: 0x4008
[   0.000000] IOAPIC[0]: apic_id 2, version 32, address 0xfec00000, GSI 0-23
[   0.000000] ACPI: INT_SRC_OVR (bus 0 bus_irq 0 global_irq 2 dfl dfl)
[    0.000000] ACPI: INT_SRC_OVR (bus 0 bus_irq 9 global_irq 9 low level)
[    0.000000] Using ACPI (MADT) for SMP configuration information
[    0.000000] smpboot: Allowing 2 CPUs, 0 hotplug CPUs
[    0.000000] PM: Registered nosave memory: [mem 0x00000000-0x00000fff]
[    0.000000] PM: Registered nosave memory: [mem 0x0009f000-0x0009ffff]
[    0.000000] PM: Registered nosave memory: [mem 0x000a0000-0x000effff]
[    0.000000] PM: Registered nosave memory: [mem 0x000f0000-0x000fffff]
[    0.000000] e820: [mem 0x40000000-0xfebfffff] available for PCI devices
[    0.000000] Booting paravirtualized kernel on KVM
[    0.000000] clocksource: refined-jiffies: mask: 0xffffffff max_cycles: 0xffffffff, max_idle_ns: 7645519600211568 ns
[    0.000000] random: get_random_bytes called from start_kernel+0x99/0x4fd with crng_init=0
[    0.000000] setup_percpu: NR_CPUS:8192 nr_cpumask_bits:2 nr_cpu_ids:2 nr_node_ids:1
[    0.000000] percpu: Embedded 46 pages/cpu s151552 r8192 d28672 u1048576
[    0.000000] PV qspinlock hash table entries: 256 (order: 0, 4096 bytes)
[    0.000000] Built 1 zonelists, mobility grouping on.  Total pages: 257913
[    0.000000] Policy zone: DMA32
[    0.000000] Kernel command line: BOOT_IMAGE=/boot/vmlinuz-4.15.0-62-generic root=LABEL=cloudimg-rootfs ro console=tty1 console=ttyS0
[    0.000000] Memory: 983440K/1048120K available (12300K kernel code, 2481K rwdata, 4172K rodata, 2436K init, 2384K bss, 64680K reserved, 0K cma-reserved)
[    0.000000] SLUB: HWalign=64, Order=0-3, MinObjects=0, CPUs=2, Nodes=1
[    0.000000] Kernel/User page tables isolation: enabled
[    0.000000] ftrace: allocating 39306 entries in 154 pages
[    0.004000] Hierarchical RCU implementation.
[    0.004000] 	RCU restricting CPUs from NR_CPUS=8192 to nr_cpu_ids=2.
[    0.004000] 	Tasks RCU enabled.
[    0.004000] RCU: Adjusting geometry for rcu_fanout_leaf=16, nr_cpu_ids=2
[    0.004000] NR_IRQS: 524544, nr_irqs: 440, preallocated irqs: 16
[    0.004000] Console: colour VGA+ 80x25
[    0.004000] console [tty1] enabled
[    0.004000] console [ttyS0] enabled
[    0.004000] ACPI: Core revision 20170831
[   0.004000] ACPI: 2 ACPI AML tables successfully acquired ad loade
    0.004000] APIC: Switch to symmetric I/O mode setup
[    0.004375] x2apic enabled
[    0.008007] Switched APIC routing to physical x2apic.
[    0.016931] ..TIMER: vector=0x30 apic1=0 pin1=2 apic2=-1 pin2=-1
[    0.020006] tsc: Detected 2494.316 MHz processor
[    0.024014] Calibrating delay loop (skipped) preset value.. 4988.63 BogoMIPS (lpj=9977264)
[    0.028005] pid_max: default: 32768 minimum: 301
[    0.032043] Security Framework initialized
[    0.036006] Yama: becoming mindful.
[    0.037259] AppArmor: AppArmor initialized
[    0.040069] Dentry cache hash table entries: 131072 (order: 8, 1048576 bytes)
[    0.044095] Inode-cache hash table entries: 65536 (order: 7, 524288 bytes)
[    0.048036] Mount-cache hash table entries: 2048 (order: 2, 16384 bytes)
[    0.049726] Mountpoint-cache hash table entries: 2048 (order: 2, 16384 bytes)
[    0.052297] Last level iTLB entries: 4KB 512, 2MB 8, 4MB 8
[    0.053736] Last level dTLB entries: 4KB 512, 2MB 32, 4MB 32, 1GB 0
[    0.056009] Spectre V1 : Mitigation: usercopy/swapgs barriers and __user pointer sanitization
[    0.060011] Spectre V2 : Mitigation: Full generic retpoline
[    0.064017] Spectre V2 : Spectre v2 / SpectreRSB mitigation: Filling RSB on context switch
[    0.068009] Speculative Store Bypass: Vulnerable
[    0.069638] MDS: Vulnerable: Clear CPU buffers attempted, no microcode
[    0.072200] Freeing SMP alternatives memory: 36K
[    0.080000] smpboot: CPU0: Intel(R) Core(TM) i5-3210M CPU @ 2.50GHz (family: 0x6, model: 0x3a, stepping: 0x9)
[    0.080123] Performance Events: unsupported p6 CPU model 58 no PMU driver, software events only.
[    0.084095] Hierarchical SRCU implementation.
[    0.086403] NMI watchdog: Perf event create on CPU 0 failed with -2
[    0.088007] NMI watchdog: Perf NMI watchdog permanently disabled
[    0.092107] smp: Bringing up secondary CPUs ...
[    0.093412] x86: Booting SMP configuration:
[    0.094485] .... node  #0, CPUs:      #1
[    0.004000] kvm-clock: cpu 1, msr 0:3ff44041, secondary cpu clock
[    0.114115] smp: Brought up 1 node, 2 CPUs
[    0.114115] smpboot: Max logical packages: 1
[    0.116008] smpboot: Total of 2 processors activated (9977.26 BogoMIPS)
[    0.124006] devtmpfs: initialized
[    0.128060] x86/mm: Memory block size: 128MB
[    0.132166] evm: security.selinux
[    0.136003] evm: security.SMACK64
[    0.136891] evm: security.SMACK64EXEC
[    0.137919] evm: security.SMACK64TRANSMUTE
[    0.138960] evm: security.SMACK64MMAP
[    0.140007] evm: security.apparmor
[    0.141181] evm: security.ima
[    0.144004] evm: security.capability
[    0.145311] clocksource: jiffies: mask: 0xffffffff max_cycles: 0xffffffff, max_idle_ns: 7645041785100000 ns
[    0.148017] futex hash table entries: 512 (order: 3, 32768 bytes)
[    0.153981] pinctrl core: initialized pinctrl subsystem
[    0.156184] RTC time:  1:08:05, date: 09/26/19
[    0.164117] NET: Registered protocol family 16
[    0.165325] audit: initializing netlink subsys (disabled)
[    0.166887] audit: type=2000 audit(1569460088.014:1): state=initialized audit_enabled=0 res=1
[    0.168009] cpuidle: using governor ladder
[    0.169392] cpuidle: using governor menu
[    0.172049] ACPI: bus type PCI registered
[    0.173088] acpiphp: ACPI Hot Plug PCI Controller Driver version: 0.5
[    0.180065] PCI: Using configuration type 1 for base access
[    0.188240] HugeTLB registered 2.00 MiB page size, pre-allocated 0 pages
[    0.190061] ACPI: Added _OSI(Module Device)
[    0.192009] ACPI: Added _OSI(Processor Device)
[    0.193265] ACPI: Added _OSI(3.0 _SCP Extensions)
[    0.194431] ACPI: Added _OSI(Processor Aggregator Device)
[    0.196004] ACPI: Added _OSI(Linux-Dell-Video)
[    0.200006] ACPI: Added _OSI(Linux-Lenovo-NV-HDMI-Audio)
[    0.204004] ACPI: Added _OSI(Linux-HPI-Hybrid-Graphics)
[    0.208417] ACPI: Executed 1 blocks of module-level executable AML code
[    0.216902] ACPI: Interpreter enabled
[    0.220019] ACPI: (supports S0 S5)
[    0.221160] ACPI: Using IOAPIC for interrupt routing
[    0.224313] PCI: Using host bridge windows from ACPI; if necessary, use "pci=nocrs" and report a bug
[    0.228264] ACPI: Enabled 2 GPEs in block 00 to 07
[    0.244076] ACPI: PCI Root Bridge [PCI0] (domain 0000 [bus 00-ff])
[    0.248023] acpi PNP0A03:00: _OSC: OS supports [ASPM ClockPM Segments MSI]
[    0.252054] acpi PNP0A03:00: _OSC: not requesting OS control; OS requires [ExtendedConfig ASPM ClockPM MSI]
[    0.256017] acpi PNP0A03:00: fail to add MMCONFIG information, can't access extended PCI configuration space under this bridge.
[    0.260512] PCI host bridge to bus 0000:00
[    0.264008] pci_bus 0000:00: root bus resource [io  0x0000-0x0cf7 window]
[    0.268005] pci_bus 0000:00: root bus resource [io  0x0d00-0xffff window]
[    0.272015] pci_bus 0000:00: root bus resource [mem 0x000a0000-0x000bffff window]
[    0.276007] pci_bus 0000:00: root bus resource [mem 0x40000000-0xfdffffff window]
[    0.280010] pci_bus 0000:00: root bus resource [bus 00-ff]
[    0.288923] pci 0000:00:01.1: legacy IDE quirk: reg 0x10: [io  0x01f0-0x01f7]
[    0.292005] pci 0000:00:01.1: legacy IDE quirk: reg 0x14: [io  0x03f6]
[    0.294109] pci 0000:00:01.1: legacy IDE quirk: reg 0x18: [io  0x0170-0x0177]
[    0.296015] pci 0000:00:01.1: legacy IDE quirk: reg 0x1c: [io  0x0376]
[    0.322693] pci 0000:00:07.0: quirk: [io  0x4000-0x403f] claimed by PIIX4 ACPI
[    0.324026] pci 0000:00:07.0: quirk: [io  0x4100-0x410f] claimed by PIIX4 SMB
[    0.336320] ACPI: PCI Interrupt Link [LNKA] (IRQs 5 9 10 *11)
[    0.338322] ACPI: PCI Interrupt Link [LNKB] (IRQs 5 9 *10 11)
[    0.340182] ACPI: PCI Interrupt Link [LNKC] (IRQs 5 *9 10 11)
[    0.344188] ACPI: PCI Interrupt Link [LNKD] (IRQs 5 9 10 *11)
[    0.348350] SCSI subsystem initialized
[    0.349407] pci 0000:00:02.0: vgaarb: setting as boot VGA device
[    0.349622] pci 0000:00:02.0: vgaarb: VGA device added: decodes=io+mem,owns=io+mem,locks=none
[    0.352007] pci 0000:00:02.0: vgaarb: bridge control possible
[    0.354492] vgaarb: loaded
[    0.356044] ACPI: bus type USB registered
[    0.357127] usbcore: registered new interface driver usbfs
[    0.359003] usbcore: registered new interface driver hub
[    0.360038] usbcore: registered new device driver usb
[    0.364051] EDAC MC: Ver: 3.0.0
[    0.376311] PCI: Using ACPI for IRQ routing
[    0.392395] NetLabel: Initializing
[    0.432009] NetLabel:  domain hash size = 128
[    0.436004] NetLabel:  protocols = UNLABELED CIPSOv4 CALIPSO
[    0.437496] NetLabel:  unlabeled traffic allowed by default
[    0.456125] clocksource: Switched to clocksource kvm-clock
[    0.472696] VFS: Disk quotas dquot_6.6.0
[    0.476813] VFS: Dquot-cache hash table entries: 512 (order 0, 4096 bytes)
[    0.490582] AppArmor: AppArmor Filesystem Enabled
[    0.493853] pnp: PnP ACPI init
[    0.512237] pnp: PnP ACPI: found 3 devices
[    0.525870] clocksource: acpi_pm: mask: 0xffffff max_cycles: 0xffffff, max_idle_ns: 2085701024 ns
[    0.550616] NET: Registered protocol family 2
[    0.562039] TCP established hash table entries: 8192 (order: 4, 65536 bytes)
[    0.563861] TCP bind hash table entries: 8192 (order: 5, 131072 bytes)
[    0.574792] TCP: Hash tables configured (established 8192 bind 8192)
[    0.590180] UDP hash table entries: 512 (order: 2, 16384 bytes)
[    0.592023] UDP-Lite hash table entries: 512 (order: 2, 16384 bytes)
[    0.593678] NET: Registered protocol family 1
[    0.594812] pci 0000:00:00.0: Limiting direct PCI/PCI transfers
[    0.596449] pci 0000:00:01.0: Activating ISA DMA hang workarounds
[    0.620579] pci 0000:00:02.0: Video device with shadowed ROM at [mem 0x000c0000-0x000dffff]
[    0.638357] Unpacking initramfs...
[    1.024809] Freeing initrd memory: 19144K
[    1.028191] clocksource: tsc: mask: 0xffffffffffffffff max_cycles: 0x23f4406cc0d, max_idle_ns: 440795293671 ns
[    1.031077] platform rtc_cmos: registered platform RTC device (no PNP device found)
[    1.033103] Scanning for low memory corruption every 60 seconds
[    1.046319] Initialise system trusted keyrings
[    1.047501] Key type blacklist registered
[    1.048800] workingset: timestamp_bits=36 max_order=18 bucket_order=0
[    1.051441] zbud: loaded
[    1.052807] squashfs: version 4.0 (2009/01/31) Phillip Lougher
[    1.054456] fuse init (API version 7.26)
[    1.059037] Key type asymmetric registered
[    1.060129] Asymmetric key parser 'x509' registered
[    1.061543] Block layer SCSI generic (bsg) driver version 0.4 loaded (major 246)
[    1.063516] io scheduler noop registered
[    1.064633] io scheduler deadline registered
[    1.065814] io scheduler cfq registered (default)
[    1.067655] ACPI: AC Adapter [AC] (on-line)
[    1.069596] input: Power Button as /devices/LNXSYSTM:00/LNXPWRBN:00/input/input0
[    1.074116] ACPI: Power Button [PWRF]
[    1.076766] input: Sleep Button as /devices/LNXSYSTM:00/LNXSLPBN:00/input/input1
[    1.079834] ACPI: Sleep Button [SLPF]
[    1.083639] Serial: 8250/16550 driver, 32 ports, IRQ sharing enabled
[    1.085473] ACPI: Battery Slot [BAT0] (battery present)
[    1.112036] 00:02: ttyS0 at I/O 0x3f8 (irq = 4, base_baud = 115200) is a 16550A
[    1.116180] Linux agpgart interface v0.103
[    1.118842] loop: module loaded
[    1.130224] scsi host0: ata_piix
[    1.131746] scsi host1: ata_piix
[    1.141147] ata1: PATA max UDMA/33 cmd 0x1f0 ctl 0x3f6 bmdma 0xd000 irq 14
[    1.143457] ata2: PATA max UDMA/33 cmd 0x170 ctl 0x376 bmdma 0xd008 irq 15
[    1.150571] libphy: Fixed MDIO Bus: probed
[    1.157371] tun: Universal TUN/TAP device driver, 1.6
[    1.167862] PPP generic driver version 2.4.2
[    1.179893] ehci_hcd: USB 2.0 'Enhanced' Host Controller (EHCI) Driver
[    1.188891] ehci-pci: EHCI PCI platform driver
[    1.190067] ehci-platform: EHCI generic platform driver
[    1.191385] ohci_hcd: USB 1.1 'Open' Host Controller (OHCI) Driver
[    1.193341] ohci-pci: OHCI PCI platform driver
[    1.194793] ohci-platform: OHCI generic platform driver
[    1.196478] uhci_hcd: USB Universal Host Controller Interface driver
[    1.207228] i8042: PNP: PS/2 Controller [PNP0303:PS2K,PNP0f03:PS2M] at 0x60,0x64 irq 1,12
[    1.220792] serio: i8042 KBD port at 0x60,0x64 irq 1
[    1.234725] serio: i8042 AUX port at 0x60,0x64 irq 12
[    1.236601] mousedev: PS/2 mouse device common for all mice
[    1.269948] input: AT Translated Set 2 keyboard as /devices/platform/i8042/serio0/input/input2
[    1.301173] rtc_cmos rtc_cmos: rtc core: registered rtc_cmos as rtc0
[    1.309975] rtc_cmos rtc_cmos: alarms up to one day, 114 bytes nvram
[    1.324107] i2c /dev entries driver
[  133004 device-mapper: uevent: version 1.0.3

[    1.462313] device-mapper: ioctl: 4.37.0-ioctl (2017-09-20) initialised: dm-devel@redhat.com
[    1.464522] ledtrig-cpu: registered to indicate activity on CPUs
[    1.466670] NET: Registered protocol family 10
[    1.472156] Segment Routing with IPv6
[    1.478829] NET: Registered protocol family 17
[    1.491744] Key type dns_resolver registered
[    1.497772] mce: Using 0 MCE banks
[    1.498679] RAS: Correctable Errors collector initialized.
[    1.500059] sched_clock: Marking stable (1497739412, 0)->(4032619870, -2534880458)
[    1.515463] registered taskstats version 1
[    1.522845] Loading compiled-in X.509 certificates
[    1.527125] Loaded X.509 cert 'Build time autogenerated kernel key: ff1b14b29a8b0fad041e56b58c2af39eda0766ce'
[    1.535358] zswap: loaded using pool lzo/zbud
[    1.549538] Key type big_key registered
[    1.550569] Key type trusted registered
[    1.553621] Key type encrypted registered
[    1.557336] AppArmor: AppArmor sha1 policy hashing enabled
[    1.564347] ima: No TPM chip found, activating TPM-bypass! (rc=-19)
[    1.571457] ima: Allocated hash algorithm: sha1
[    1.578405] evm: HMAC attrs: 0x1
[    1.590731]   Magic number: 3:141:105
[    1.597442] rtc_cmos rtc_cmos: setting system clock to 2019-09-26 01:08:06 UTC (1569460086)
[    1.600496] BIOS EDD facility v0.16 2004-Jun-25, 0 devices found
[    1.619911] EDD information not available.
[    1.623624] Freeing unused kernel image memory: 2436K
[    1.644454] Write protecting the kernel read-only data: 20480k
[    1.646793] Freeing unused kernel image memory: 2008K
[    1.648651] Freeing unused kernel image memory: 1972K
[    1.657459] x86/mm: Checked W+X mappings: passed, no W+X pages found.
[    2.058239] x86/mm: Checking user space page tables
[    2.081846] x86/mm: Checked W+X mappings: passed, no W+X pages found.
Loading, please wait...
starting version 237
[    2.226816] e1000: Intel(R) PRO/1000 Network Driver - version 7.3.21-k8-NAPI
[    2.238250] e1000: Copyright (c) 1999-2006 Intel Corporation.
[    2.242706] Fusion MPT base driver 3.04.20
[    2.259529] Copyright (c) 1999-2008 LSI Corporation
[    2.300485] AVX version of gcm_enc/dec engaged.
[    2.302217] AES CTR mode by8 optimization enabled
[    2.399957] Fusion MPT SPI Host driver 3.04.20
[    2.496183] input: ImExPS/2 Generic Explorer Mouse as /devices/platform/i8042/serio1/input/input4
[    2.750854] e1000 0000:00:03.0 eth0: (PCI:33MHz:32-bit) 02:b7:5c:02:92:a2
[    2.760159] e1000 0000:00:03.0 eth0: Intel(R) PRO/1000 Network Connection
[    2.788321] mptbase: ioc0: Initiating bringup
[    2.789335] e1000 0000:00:03.0 enp0s3: renamed from eth0
[    2.905517] ioc0: LSI53C1030 A0: Capabilities={Initiator}
[    3.152018] scsi host2: ioc0: LSI53C1030 A0, FwRev=00000000h, Ports=1, MaxQ=256, IRQ=20
[    3.320711] scsi 2:0:0:0: Direct-Access     VBOX     HARDDISK         1.0  PQ: 0 ANSI: 5
[    4.158642] scsi target2:0:0: Beginning Domain Validation
[    4.168976] scsi target2:0:0: Domain Validation skipping write tests
[    4.170780] scsi target2:0:0: Ending Domain Validation
[    4.172450] scsi target2:0:0: asynchronous
[    4.174133] scsi 2:0:1:0: Direct-Access     VBOX     HARDDISK         1.0  PQ: 0 ANSI: 5
[    4.632138] scsi target2:0:1: Beginning Domain Validation
[    4.674684] random: fast init done
[    4.703443] scsi target2:0:1: Domain Validation skipping write tests
[    4.752749] scsi target2:0:1: Ending Domain Validation
[    5.059743] scsi target2:0:1: asynchronous
[    5.637631] sd 2:0:0:0: Attached scsi generic sg0 type 0
[    5.637839] random: systemd-udevd: uninitialized urandom read (16 bytes read)
[    5.661931] sd 2:0:0:0: [sda] 20971520 512-byte logical blocks: (10.7 GB/10.0 GiB)
[    5.672975] random: systemd-udevd: uninitialized urandom read (16 bytes read)
[    5.699074] sd 2:0:1:0: [sdb] 20480 512-byte logical blocks: (10.5 MB/10.0 MiB)
[    5.714234] random: systemd-udevd: uninitialized urandom read (16 bytes read)
[    5.738982] sd 2:0:1:0: Attached scsi generic sg1 type 0
[    5.797451] sd 2:0:0:0: [sda] Write Protect is off
[    5.798929] sd 2:0:1:0: [sdb] Write Protect is off
[    5.800247] sd 2:0:0:0: [sda] Incomplete mode parameter data
[    5.806699] sd 2:0:0:0: [sda] Assuming drive cache: write through
[    5.808372] sd 2:0:1:0: [sdb] Incomplete mode parameter data
[    5.815908] sd 2:0:1:0: [sdb] Assuming drive cache: write through
[    5.830909]  sda: sda1
[    5.834889] sd 2:0:1:0: [sdb] Attached SCSI disk
[    5.836137] sd 2:0:0:0: [sda] Attached SCSI disk
Begin: Loading essential drivers ... [    7.356238] raid6: sse2x1   gen()  8181 MB/s
[    7.404300] raid6: sse2x1   xor()  5926 MB/s
[    7.452229] raid6: sse2x2   gen()  9841 MB/s
[    7.500546] raid6: sse2x2   xor()  6523 MB/s
[    7.548257] raid6: sse2x4   gen() 11810 MB/s
[    7.600130] raid6: sse2x4   xor()  8689 MB/s
[    7.606993] raid6: using algorithm sse2x4 gen() 11810 MB/s
[    7.609580] raid6: .... xor() 8689 MB/s, rmw enabled
[    7.616775] raid6: using ssse3x2 recovery algorithm
[    7.624867] xor: automatically using best checksumming function   avx       
[    7.630077] async_tx: api initialized (async)
done.
Begin: Running /scripts/init-premount ... done.
Begin: Mounting root file system ... Begin: Running /scripts/local-top ... done.
Begin: Running /scripts/local-premount ... [    7.682325] Btrfs loaded, crc32c=crc32c-intel
Scanning for Btrfs filesystems
done.
Warning: fsck not present, so sk[    7.721061] EXT4-fs (sda1): mounted filesystem with ordered data mode. Opts: (null)
ipping root file system
done.
Begin: Running /scripts/local-bottom ... done.
Begin: Running /scripts/init-bottom ... done.
[    7.894271] ip_tables: (C) 2000-2006 Netfilter Core Team
[    7.912802] systemd[1]: systemd 237 running in system mode. (+PAM +AUDIT +SELINUX +IMA +APPARMOR +SMACK +SYSVINIT +UTMP +LIBCRYPTSETUP +GCRYPT +GNUTLS +ACL +XZ +LZ4 +SECCOMP +BLKID +ELFUTILS +KMOD -IDN2 +IDN -PCRE2 default-hierarchy=hybrid)
[    7.927815] systemd[1]: Detected virtualization oracle.
[    7.929479] systemd[1]: Detected architecture x86-64.

Welcome to [1mUbuntu 18.04.3 LTS[0m!

[    7.960986] systemd[1]: Set hostname to <ubuntu>.
[    8.120616] systemd[1]: Initializing machine ID from random generator.
[    8.122369] systemd[1]: Installed transient /etc/machine-id file.
[    8.401542] systemd[1]: Created slice System Slice.
[[0;32m  OK  [0m] Created slice System Slice.
[    8.416013] systemd[1]: Started Forward Password Requests to Wall Directory Watch.
[[0;32m  OK  [0m] Started Forward Password Requests to Wall Directory Watch.
[    8.449743] systemd[1]: Created slice User and Session Slice.
[[0;32m  OK  [0m] Created slice User and Session Slice.
[    8.649298] systemd[1]: Listening on LVM2 poll daemon socket.
[[0;32m  OK  [0m] Listening on LVM2 poll daemon socket.
[[0;32m  OK  [0m] Reached target User and Group Name Lookups.
[[0;32m  OK  [0m] Listening on udev Kernel Socket.
[[0;32m  OK  [0m] Listening on Syslog Socket.
[[0;32m  OK  [0m] Reached target Slices.
[[0;32m  OK  [0m] Reached target System Time Synchronized.
[[0;32m  OK  [0m] Listening on LVM2 metadata daemon socket.
[[0;32m  OK  [0m] Reached target Swap.
[[0;32m  OK  [0m] Listening on Journal Socket.
         Mounting Kernel Debug File System...
         Mounting POSIX Message Queue File System...
         Starting Remount Root and Kernel File Systems...
         Starting Create list of required st…ce nodes for the [    8.816487] EXT4-fs (sda1): re-mounted. Opts: (null)
current kernel...
         Starting Load Kernel Modules...
         Mountin[    8.850002] Loading iSCSI transport class v2.0-870.
g Huge Pages File System...
         Starting Uncomplicated firewall...
[[0;32m  OK  [0m] Listening on Journal Audit Socket.
[[0;32m  OK  [0m] Listening on udev Control Socket.
         Starting udev Coldplug all Devices...
[    8.866543] iscsi: registered transport (tcp)
[[0;32m  OK  [0m] Set up automount Arbitrary Executab…rmats File System Automount Point.
[    8.959713] iscsi: registered transport (iser)
[[0;32m  OK  [0m] Listening on Device-mapper event daemon FIFOs.
         Starting Monitoring of LVM2 mirrors…ng dmeventd or progress polling...
[[0;32m  OK  [0m] Listening on Journal Socket (/dev/log).
         Starting Journal Service...
[[0;32m  OK  [0m] Listening on Network Service Netlink Socket.
         Starting Set the console keyboard layout...
[[0;32m  OK  [0m] Created slice system-serial\x2dgetty.slice.
[[0;32m  OK  [0m] Listening on /dev/initctl Compatibility Named Pipe.
[[0;32m  OK  [0m] Mounted Kernel Debug File System.
[[0;32m  OK  [0m] Mounted POSIX Message Queue File System.
[[0;32m  OK  [0m] Started Remount Root and Kernel File Systems.
[[0;32m  OK  [0m] Started Create list of required sta…vice nodes for the current kernel.
[[0;32m  OK  [0m] Started Load Kernel Modules.
[[0;32m  OK  [0m] Mounted Huge Pages File System.
[[0;32m  OK  [0m] Started Uncomplicated firewall.
[[0;32m  OK  [0m] Started LVM2 metadata daemon.
         Mounting FUSE Control File System...
         Mounting Kernel Configuration File System...
         Starting Apply Kernel Variables...
         Starting Create Static Device Nodes in /dev...
         Starting Load/Save Random Seed...
[[0;32m  OK  [0m] Started Journal Service.
[[0;32m  OK  [0m] Started Monitoring of LVM2 mirrors,…sing dmeventd or progress polling.
[[0;32m  OK  [0m] Started Set the console keyboard layout.
[[0;32m  OK  [0m] Started udev Coldplug all Devices.
[[0;32m  OK  [0m] Mounted FUSE Control File System.
[[0;32m  OK  [0m] Mounted Kernel Configuration File System.
[[0;32m  OK  [0m] Started Apply Kernel Variables.
[[0;32m  OK  [0m] Started Create Static Device Nodes in /dev.
[[0;32m  OK  [0m] Started Load/Save Random Seed.
         Starting udev Kernel Device Manager...
[[0;32m  OK  [0m] Reached target Local File Systems (Pre).
[[0;32m  OK  [0m] Reached target Local File Systems.
         Starting Set console font and keymap...
         Starting Tell Plymouth To Write Out Runtime Data...
         Starting ebtables ruleset management...
         Starting AppArmor initialization...
         Starting Commit a transient machine-id on disk...
         Starting Flush Journal to Persistent Storage...
[[0;32m  OK  [0m] Started udev Kernel Device Manager.
[[0;32m  OK  [0m] Started Set console font and keymap.
[[0;32m  OK  [0m] Started Tell Plymouth To Write Out Runtime Data.
[[0;32m  OK  [0m] Started Dispatch Password Requests to Console Directory Watch.
[[0;32m  OK  [0m] Reached target Local Encrypted Volumes.
[[0;32m  OK  [0m] Started Flush Journal to Persistent Storage.
[[0;32m  OK  [0m] Started Commit a transient machine-id on disk.
         Starting Create Volatile Files and Directories...
[[0;32m  OK  [0m] Started ebtables ruleset management.
[[0;32m  OK  [0m] Started Create Volatile Files and Directories.
         Starting Update UTMP about System Boot/Shutdown...
[[0;32m  OK  [0m] Started Update UTMP about System Boot/Shutdown.
[[0;32m  OK  [0m] Found device /dev/ttyS0.
[[0;32m  OK  [0m] Listening on Load/Save RF Kill Switch Status /dev/rfkill Watch.
[[0;32m  OK  [0m] Started AppArmor initialization.
         Starting Initial cloud-init job (pre-networking)...
[   12.230380] cloud-init[538]: Cloud-init v. 19.2-24-ge7881d5c-0ubuntu1~18.04.1 running 'init-local' at Thu, 26 Sep 2019 01:08:16 +0000. Up 11.80 seconds.
[[0;32m  OK  [0m] Started Initial cloud-init job (pre-networking).
[[0;32m  OK  [0m] Reached target Network (Pre).
         Starting Network Service...
[[0;32m  OK  [0m] Started Network Service.
         Starting Network Name Resolution...
         Starting Wait for Network to be Configured...
[[0;32m  OK  [0m] Started Network Name Resolution.
[[0;32m  OK  [0m] Reached target Host and Network Name Lookups.
[[0;32m  OK  [0m] Reached target Network.
[[0;32m  OK  [0m] Started Wait for Network to be Configured.
         Starting Initial cloud-init job (metadata service crawler)...
[   14.800402] cloud-init[654]: Cloud-init v. 19.2-24-ge7881d5c-0ubuntu1~18.04.1 running 'init' at Thu, 26 Sep 2019 01:08:19 +0000. Up 14.61 seconds.
[   14.804214] cloud-init[654]: ci-info: ++++++++++++++++++++++++++++++++++++++Net device info++++++++++++++++++++++++++++++++++++++
[   14.808438] cloud-init[654]: ci-info: +--------+------+----------------------------+---------------+--------+-------------------+
[   14.811023] cloud-init[654]: ci-info: | Device |  Up  |          Address           |      Mask     | Scope  |     Hw-Address    |
[   14.813631] cloud-init[654]: ci-info: +--------+------+----------------------------+---------------+--------+-------------------+
[   14.816307] cloud-init[654]: ci-info: | enp0s3 | True |         10.0.2.15          | 255.255.255.0 | global | 02:b7:5c:02:92:a2 |
[   14.820748] cloud-init[654]: ci-info: | enp0s3 | True | fe80::b7:5cff:fe02:92a2/64 |       .       |  link  | 02:b7:5c:02:92:a2 |
[   14.832563] cloud-init[654]: ci-info: |   lo   | True |         127.0.0.1          |   255.0.0.0   |  host  |         .         |
[   14.837219] cloud-init[654]: ci-info: |   lo   | True |          ::1/128           |       .       |  host  |         .         |
[   14.840264] cloud-init[654]: ci-info: +--------+------+----------------------------+---------------+--------+-------------------+
[   14.843130] cloud-init[654]: ci-info: ++++++++++++++++++++++++++++Route IPv4 info+++++++++++++++++++++++++++++
[   14.845668] cloud-init[654]: ci-info: +-------+-------------+----------+-----------------+-----------+-------+
[   14.916466] cloud-init[654]: ci-info: | Route | Destination | Gateway  |     Genmask     | Interface | Flags |
[   15.002363] cloud-init[654]: ci-info: +-------+-------------+----------+-----------------+-----------+-------+
[   15.035800] cloud-init[654]: ci-info: |   0   |   0.0.0.0   | 10.0.2.2 |     0.0.0.0     |   enp0s3  |   UG  |
[   15.066266] cloud-init[654]: ci-info: |   1   |   10.0.2.0  | 0.0.0.0  |  255.255.255.0  |   enp0s3  |   U   |
[   15.088581] cloud-init[654]: ci-info: |   2   |   10.0.2.2  | 0.0.0.0  | 255.255.255.255 |   enp0s3  |   UH  |
[   15.112324] cloud-init[654]: ci-info: +-------+-------------+----------+-----------------+-----------+-------+
[   15.118516] cloud-init[654]: ci-info: +++++++++++++++++++Route IPv6 info+++++++++++++++++++
[   15.125465] cloud-init[654]: ci-info: +-------+-------------+---------+-----------+-------+
[   15.157404] cloud-init[654]: ci-info: | Route | Destination | Gateway | Interface | Flags |
[   15.214337] cloud-init[654]: ci-info: +-------+-------------+---------+-----------+-------+
[   15.236041] cloud-init[654]: ci-info: |   1   |  fe80::/64  |    ::   |   enp0s3  |   U   |
[   15.265532] cloud-init[654]: ci-info: |   3   |    local    |    ::   |   enp0s3  |   U   |
[   15.281816] cloud-init[654]: ci-info: |   4   |   ff00::/8  |    ::   |   enp0s3  |   U   |
[   15.290837] cloud-init[654]: ci-info: +-------+-------------+---------+-----------+-------+
[   15.837913] cloud-init[654]: Generating public/private rsa key pair.
[   15.839756] cloud-init[654]: Your identification has been saved in /etc/ssh/ssh_host_rsa_key.
[   15.844463] cloud-init[654]: Your public key has been saved in /etc/ssh/ssh_host_rsa_key.pub.
[   15.849902] cloud-init[654]: The key fingerprint is:
[   15.851251] cloud-init[654]: SHA256:NLIEz2FpV1JWSC9e2f89JoRlP+NJYh5wyMfmR9JokfE root@ubuntu-bionic
[   15.853630] cloud-init[654]: The key's randomart image is:
[   15.855343] cloud-init[654]: +---[RSA 2048]----+
[   15.856919] cloud-init[654]: |    . o..+=o.oo  |
[   15.908236] cloud-init[654]: |     =o..oo.o+=  |
[   15.909545] cloud-init[654]: |     .=.o .++@.E |
[   15.910843] cloud-init[654]: |     . + o o@ +. |
[   15.912117] cloud-init[654]: |      . S .. * *.|
[   15.913382] cloud-init[654]: |            + * *|
[   15.914634] cloud-init[654]: |             o =o|
[   15.915818] cloud-init[654]: |              o .|
[   15.917028] cloud-init[654]: |                 |
[   15.920648] cloud-init[654]: +----[SHA256]-----+
[   15.922332] cloud-init[654]: Generating public/private dsa key pair.
[   15.923832] cloud-init[654]: Your identification has been saved in /etc/ssh/ssh_host_dsa_key.
[   15.926108] cloud-init[654]: Your public key has been saved in /etc/ssh/ssh_host_dsa_key.pub.
[   15.928326] cloud-init[654]: The key fingerprint is:
[   15.929648] cloud-init[654]: SHA256:dWdr07Wzuf6T2tg7NdSWPks999fxCN2+GHdzxVwQ9zQ root@ubuntu-bionic
[   15.931898] cloud-init[654]: The key's randomart image is:
[   15.933314] cloud-init[654]: +---[DSA 1024]----+
[   15.934555] cloud-init[654]: |              oEo|
[[0;32m  OK  [0m] Started Initial cloud-init job (metadata service crawler).
[[0;32m  OK  [0m] Reached target System Initialization.
[   15.970794] cloud-init[654]: |               +o|
         Starting Socket activation for snappy daemon.
[[0;32m  OK  [0m] Started Message of the Day.
[[0;32m  OK  [0m] Listening on D-Bus System Message Bus Socket.
[[0;32m  OK  [0m] Started Daily apt download activities.
[   16.092957] cloud-init[654]: |          . . o *|
[   16.172986] cloud-init[654]: |         . . o B*|
[   16.174416] cloud-init[654]: |        S    .*=*|
[   16.175631] cloud-init[654]: |            ...OX|
[[0;32m  OK  [0m] Started Daily Cleanup of Temporary Directories.
[   16.179334] cloud-init[654]: |             o.B/|
[   16.257523] cloud-init[654]: |              O=@|
[   16.264498] cloud-init[654]: |             +oBO|
[   16.265849] cloud-init[654]: +----[SHA256]-----+
[[0;32m  OK  [0m] Started ACPI Events Check.
[[0;32m  OK  [0m] Listening on UUID daemon activation socket.
[[0;32m  OK  [0m] Listening on ACPID Listen Socket.
[   16.269461] [[0;32m  OK  [0m] Reached target Paths.
cloud-init[654]: Generating public/private ecdsa key pair.
[   16.279541] cloud-init[654]: Your identification has been saved in /etc/ssh/ssh_host_ecdsa_key.
         Starting LXD - unix socket.
[   16.286563] [[0;32m  OK  [0m] Started Daily apt upgrade and clean activities.
[[0;32m  OK  [0m] Started Discard unused blocks once a week.
[[0;32m  OK  [0m] Reached target Timers.
[[0;32m  OK  [0m] Listening on Open-iSCSI iscsid Socket.
cloud-init[654]: Your public key has been saved in /etc/ssh/ssh_host_ecdsa_key.pub.
[[0;32m  OK  [0m] Reached target Network is Online.
[   16.316919] cloud-init[654]: The key fingerprint is:
[   16.351216]          Starting Availability of block devices...
[[0;32m  OK  [0m] Reached target Remote File Systems (Pre).
[[0;32m  OK  [0m] Reached target Remote File Systems.
[[0;32m  OK  [0m] Reached target Cloud-config availability.
[[0;32m  OK  [0m] Listening on Socket activation for snappy daemon.
[[0;32m  OK  [0m] Listening on LXD - unix socket.
[[0;32m  OK  [0m] Reached target Sockets.
[[0;32m  OK  [0m] Reached target Basic System.
cloud-init[654]: SHA256:c5iJxcWomuCwJsf0gHQeFPCrdU84vF4nh3piDuj5xG4 root@ubuntu-bionic
         Starting Permit User Sessions...
[   16.557486] cloud-init[654]: The key's randomart image is:         Starting LXD - container startup/shutdown...

[[0;32m  OK  [0m] Started irqbalance daemon.
[   16.564985] cloud-init[654]: +---[ECDSA 256]---+
[   16.574863] cloud-init[654]: | .oo.    o.      |
[   16.593554] cloud-init[654]: | ..o   ....      |
[   16.597862] cloud-init[654]: |..o..  .o        |
[   16.608462] cloud-init[654]: |o +.o oo +       |
[   16.619600] cloud-init[654]: | * * B..S .      |
[   16.641287] cloud-init[654]: |o.O = = .o       |
[   16.642498] cloud-init[654]: |o+ + . = o       |
[   16.643764] cloud-init[654]: |. +Eooo.+        |
         Starting Snappy daemon...
         Starting LSB: automatic crash report generation...
[   16.662798] cloud-init[654]: | oooo+o          |
         Starting Pollinate to seed the pseudo random number generator...
[   16.729642] cloud-init[654]: +----[SHA256]-----+
[   16.731845]          Starting Login Service...
cloud-init[654]: Generating public/private ed25519 key pair.         Starting System Logging Service...
[[0;32m  OK  [0m] Started D-Bus System Message Bus.

[   16.740748] cloud-init[654]: Your identification has been saved in /etc/ssh/ssh_host_ed25519_key.
[   16.768531] cloud-init[654]: Your public key has been saved in /etc/ssh/ssh_host_ed25519_key.pub.
[   16.782544] cloud-init[654]: The key fingerprint is:
[   16.789468] cloud-init[654]: SHA256:CtPr9m4YfN0ENCMwgJFemE4Pc7baM4+snb5qGyOyOeg root@ubuntu-bionic
[   16.814654] cloud-init[654]: The key's randomart image is:
[   16.836663] cloud-init[654]: +--[ED25519 256]--+
[   16.852697] [[0;32m  OK  [0m] Started Regular background program processing daemon.
cloud-init[654]: |  .*..o...+      |
[[0;32m  OK  [0m] Started Deferred execution scheduler.
[   16.901519] cloud-init[654]: |  O +  . ..o     |
[   16.934556] cloud-init[654]: | + B .     .     |
         Starting Virtualbox guest utils...
[   16.935337] cloud-init[654]: |  o o.      .    |
         Starting LSB: Record successful boot for GRUB...
[   16.967766] cloud-init[654]: |   oo.. S. o     |
[[0;32m  OK  [0m] Started FUSE filesystem for LXC.
[   17.014708] cloud-init[654]: |  . +ooo. . .    |
[   17.028145] cloud-init[654]: |+ o. =o+         |
[   17.031296] cloud-init[654]: |++.+oo+ .        |
[   17.040095] cloud-init[654]: |+E+==o.+o        |
[   17.043687] cloud-init[654]: +----[SHA256]-----+
         Starting Dispatcher daemon for systemd-networkd...
         Starting Accounts Service...
[[0;32m  OK  [0m] Started System Logging Service.
[[0;32m  OK  [0m] Started Availability of block devices.
[[0;32m  OK  [0m] Started Permit User Sessions.
[[0;32m  OK  [0m] Started LXD - container startup/shutdown.
[[0;32m  OK  [0m] Started Login Service.
[[0;32m  OK  [0m] Started Snappy daemon.
[[0;32m  OK  [0m] Started LSB: automatic crash report generation.
         Starting Authorization Manager...
         Starting Wait until snapd is fully seeded...
[[0;32m  OK  [0m] Started Unattended Upgrades Shutdown.
         Starting Terminate Plymouth Boot Screen...
         Starting Hold until boot process finishes up...
[[0;32m  OK  [0m] Started Virtualbox guest utils.
[[0;32m  OK  [0m] Started LSB: Record successful boot for GRUB.
[[0;32m  OK  [0m] Started Terminate Plymouth Boot Screen.
[[0;32m  OK  [0m] Started Hold until boot process finishes up.
         Starting Set console scheme...
[[0;32m  OK  [0m] Started Serial Getty on ttyS0.
[[0;32m  OK  [0m] Started Set console scheme.
[[0;32m  OK  [0m] Created slice system-getty.slice.
[[0;32m  OK  [0m] Started Getty on tty1.
[[0;32m  OK  [0m] Reached target Login Prompts.
[[0;32m  OK  [0m] Started Authorization Manager.
[[0;32m  OK  [0m] Started Accounts Service.
[[0;32m  OK  [0m] Started Dispatcher daemon for systemd-networkd.
[[0;32m  OK  [0m] Started Pollinate to seed the pseudo random number generator.
         Starting OpenBSD Secure Shell server...
[[0;32m  OK  [0m] Started OpenBSD Secure Shell server.
[[0;32m  OK  [0m] Created slice User Slice of vagrant.
         Starting User Manager for UID 1000...
[[0;32m  OK  [0m] Started Session 1 of user vagrant.
[[0;32m  OK  [0m] Started User Manager for UID 1000.

Ubuntu 18.04.3 LTS ubuntu-bionic ttyS0

ubuntu-bionic login: [   30.671986] cloud-init[1791]: Cloud-init v. 19.2-24-ge7881d5c-0ubuntu1~18.04.1 running 'modules:config' at Thu, 26 Sep 2019 01:08:35 +0000. Up 30.17 seconds.
ci-info: no authorized ssh keys fingerprints found for user ubuntu.
<14>Sep 26 01:08:36 ec2: 
<14>Sep 26 01:08:36 ec2: #############################################################
<14>Sep 26 01:08:36 ec2: -----BEGIN SSH HOST KEY FINGERPRINTS-----
<14>Sep 26 01:08:36 ec2: 1024 SHA256:dWdr07Wzuf6T2tg7NdSWPks999fxCN2+GHdzxVwQ9zQ root@ubuntu-bionic (DSA)
<14>Sep 26 01:08:36 ec2: 256 SHA256:c5iJxcWomuCwJsf0gHQeFPCrdU84vF4nh3piDuj5xG4 root@ubuntu-bionic (ECDSA)
<14>Sep 26 01:08:36 ec2: 256 SHA256:CtPr9m4YfN0ENCMwgJFemE4Pc7baM4+snb5qGyOyOeg root@ubuntu-bionic (ED25519)
<14>Sep 26 01:08:36 ec2: 2048 SHA256:NLIEz2FpV1JWSC9e2f89JoRlP+NJYh5wyMfmR9JokfE root@ubuntu-bionic (RSA)
<14>Sep 26 01:08:36 ec2: -----END SSH HOST KEY FINGERPRINTS-----
<14>Sep 26 01:08:36 ec2: #############################################################
-----BEGIN SSH HOST KEY KEYS-----
ecdsa-sha2-nistp256 AAAAE2VjZHNhLXNoYTItbmlzdHAyNTYAAAAIbmlzdHAyNTYAAABBBCciqRizffJLRU3LLoo/y/h/zBBmqw4kCJSaFzeY/I4qe/VCF4VwYRSuaLRbMiWC0WarlDDzcJ+lHvxvOYJekIY= root@ubuntu-bionic
ssh-ed25519 AAAAC3NzaC1lZDI1NTE5AAAAIB+xsUXMtElgT9t+/7PI4L6TJbUfPUtkTOlDI3IzZ0Pn root@ubuntu-bionic
ssh-rsa AAAAB3NzaC1yc2EAAAADAQABAAABAQCfSOOpIwZdD/kW/AqQgUPjukL6kD+/bFmlBYyPLRrBp82vJySUSMfkyl8jlqGdiJOY0U0aATQF6r7oMVjC0ZXNEzyVDV0QG/Zm/ZMfxUyYd8lceMd6t/Ca8O38sbxuK3OGYkRToUSpx2KbUVE2v7d/UEHOQpS0j9KL5BIZ1hjRC1UdOYQjfu34hMJiRJoo4D55d3zqGjtfArrN9RdHOcxxEJqpy5228HvSp+i2c0Y4PSYJZcftdARENOBq9UW/XW2MwHPRx4vYAMrmbDMN32hxTMJovKcupOhp8OtcBEwfVbcaYwEfbGiBUVxFkXwkNJgM/g01+m4GjKo52bv5VCHP root@ubuntu-bionic
-----END SSH HOST KEY KEYS-----
[   31.429214] cloud-init[1858]: Cloud-init v. 19.2-24-ge7881d5c-0ubuntu1~18.04.1 running 'modules:final' at Thu, 26 Sep 2019 01:08:36 +0000. Up 31.24 seconds.
[   31.429331] cloud-init[1858]: ci-info: no authorized ssh keys fingerprints found for user ubuntu.
[   31.429419] cloud-init[1858]: Cloud-init v. 19.2-24-ge7881d5c-0ubuntu1~18.04.1 finished at Thu, 26 Sep 2019 01:08:36 +0000. Datasource DataSourceNoCloud [seed=/dev/sdb][dsmode=net].  Up 31.40 seconds
